[INFO] Scanning for projects...
[WARNING] 
[WARNING] Some problems were encountered while building the effective model for epi:util:jar:1.0-SNAPSHOT
[WARNING] 'build.plugins.plugin.version' for org.codehaus.mojo:exec-maven-plugin is missing. @ line 86, column 15
[WARNING] 
[WARNING] It is highly recommended to fix these problems because they threaten the stability of your build.
[WARNING] 
[WARNING] For this reason, future Maven versions might no longer support building such malformed projects.
[WARNING] 
[INFO] ------------------------------------------------------------------------
[INFO] Reactor Build Order:
[INFO] 
[INFO] epi-root
[INFO] epi-common
[INFO] epi-util
[INFO] epi-geography
[INFO] epi-population
[INFO] epi-web
[INFO]                                                                         
[INFO] ------------------------------------------------------------------------
[INFO] Building epi-root 1.0-SNAPSHOT
[INFO] ------------------------------------------------------------------------
[INFO] 
[INFO] --- maven-clean-plugin:2.5:clean (default-clean) @ root ---
[INFO] 
[INFO] --- gmaven-plugin:1.4:execute (default) @ root ---
[INFO] 
[INFO] --- maven-install-plugin:2.4:install (default-install) @ root ---
[INFO] Installing G:\dev-OR\crcsim\pom.xml to C:\Users\stevec\.m2\repository\epi\root\1.0-SNAPSHOT\root-1.0-SNAPSHOT.pom
[INFO]                                                                         
[INFO] ------------------------------------------------------------------------
[INFO] Building epi-common 1.0-SNAPSHOT
[INFO] ------------------------------------------------------------------------
[INFO] 
[INFO] --- maven-clean-plugin:2.5:clean (default-clean) @ common ---
[INFO] 
[INFO] --- gmaven-plugin:1.4:execute (default) @ common ---
[INFO] 
[INFO] --- maven-install-plugin:2.4:install (default-install) @ common ---
[INFO] Installing G:\dev-OR\crcsim\common\pom.xml to C:\Users\stevec\.m2\repository\epi\common\1.0-SNAPSHOT\common-1.0-SNAPSHOT.pom
[INFO]                                                                         
[INFO] ------------------------------------------------------------------------
[INFO] Building epi-util 1.0-SNAPSHOT
[INFO] ------------------------------------------------------------------------
Downloading: http://repo1.maven.org/maven2/org/codehaus/mojo/exec-maven-plugin/maven-metadata.xml
710/710 B               Downloaded: http://repo1.maven.org/maven2/org/codehaus/mojo/exec-maven-plugin/maven-metadata.xml (710 B at 3.4 KB/sec)
[INFO] 
[INFO] --- maven-clean-plugin:2.5:clean (default-clean) @ util ---
[INFO] Deleting G:\dev-OR\crcsim\common\util\target
[INFO] 
[INFO] --- gmaven-plugin:1.4:execute (default) @ util ---
[INFO] 
[INFO] --- maven-resources-plugin:2.6:resources (default-resources) @ util ---
[INFO] Using 'UTF-8' encoding to copy filtered resources.
[INFO] Copying 13 resources
[INFO] 
[INFO] --- maven-compiler-plugin:2.5.1:compile (default-compile) @ util ---
[INFO] Compiling 41 source files to G:\dev-OR\crcsim\common\util\target\classes
[INFO] 
[INFO] --- maven-resources-plugin:2.6:testResources (default-testResources) @ util ---
[INFO] Using 'UTF-8' encoding to copy filtered resources.
[INFO] Copying 2 resources
[INFO] 
[INFO] --- maven-compiler-plugin:2.5.1:testCompile (default-testCompile) @ util ---
[INFO] Compiling 4 source files to G:\dev-OR\crcsim\common\util\target\test-classes
[INFO] 
[INFO] --- maven-surefire-plugin:2.12.4:test (default-test) @ util ---
[INFO] Surefire report directory: G:\dev-OR\crcsim\common\util\target\surefire-reports

-------------------------------------------------------
 T E S T S
-------------------------------------------------------
Running org.renci.epi.util.ModelIOTest
w	x	y	z
w0	x0	y0	z0
w0	x0	y0	z0
w0	x0	y0	z0
w0	x0	y0	z0
w0	x0	y0	z0
w0	x0	y0	z0
w0	x0	y0	z0
w0	x0	y0	z0
w0	x0	y0	z0
w0	x0	y0	z0
0 [main] INFO org.renci.epi.util.Geography  - getResourceReader (nearest_dist_simulation_OR.csv)
31 [main] INFO org.renci.epi.util.Geography  - getResourceReader (compliance_county_intercepts.csv)
zip code -> distance: 1.0
stcotrbg -> county intercepts -> medicaid: 0.116805123
31 [main] DEBUG org.renci.epi.util.ModelIOTest  - ==> x0
47 [main] DEBUG org.renci.epi.util.IterationUtil  - Iteration config matrix: /script/testrandom-duplicate.js
47 [main] DEBUG org.renci.epi.util.JavaScriptEngine  - getting file: /script/testrandom-duplicate.js
47 [main] DEBUG org.renci.epi.util.JavaScriptEngine  - getting resource: /script/testrandom-duplicate.js file:/G:/dev-OR/crcsim/common/util/target/classes/script/testrandom-duplicate.js
47 [main] DEBUG org.renci.epi.util.JavaScriptEngine  - getting file: /script/librandom.js
47 [main] DEBUG org.renci.epi.util.JavaScriptEngine  - getting resource: /script/librandom.js file:/G:/dev-OR/crcsim/common/util/target/classes/script/librandom.js
47 [main] DEBUG org.renci.epi.util.JavaScriptEngine  - getting file: /script/testrandom-duplicate.js
47 [main] DEBUG org.renci.epi.util.JavaScriptEngine  - getting resource: /script/testrandom-duplicate.js file:/G:/dev-OR/crcsim/common/util/target/classes/script/testrandom-duplicate.js
validating parameter: param-A

validating parameter: param-B

validating parameter: param-C

validating parameter: param-D

validating parameter: param-E

validating parameter: param-F

validating parameter: param-G

validating parameter: param-A

cause: java.lang.RuntimeException : Exception caught
cause: java.lang.RuntimeException : Exception caught
cause: javax.script.ScriptException : Parameter: param-A appears twice in the configuration matrix.  in <eval> at line number 86 at column number 2
1032 [main] DEBUG org.renci.epi.util.IterationUtil  - Iteration config matrix: /script/testrandom.js
1032 [main] DEBUG org.renci.epi.util.JavaScriptEngine  - getting file: /script/testrandom.js
1032 [main] DEBUG org.renci.epi.util.JavaScriptEngine  - getting resource: /script/testrandom.js file:/G:/dev-OR/crcsim/common/util/target/classes/script/testrandom.js
1032 [main] DEBUG org.renci.epi.util.JavaScriptEngine  - getting file: /script/librandom.js
1032 [main] DEBUG org.renci.epi.util.JavaScriptEngine  - getting resource: /script/librandom.js file:/G:/dev-OR/crcsim/common/util/target/classes/script/librandom.js
1032 [main] DEBUG org.renci.epi.util.JavaScriptEngine  - getting file: /script/testrandom.js
1032 [main] DEBUG org.renci.epi.util.JavaScriptEngine  - getting resource: /script/testrandom.js file:/G:/dev-OR/crcsim/common/util/target/classes/script/testrandom.js
validating parameter: param-A

validating parameter: param-B

validating parameter: param-C

validating parameter: param-D

validating parameter: param-E

validating parameter: param-F

validating parameter: param-G

new GammaDistribution (0.9,2.9)

new BetaDistribution (2,0.9)

new BetaDistribution (0.02,10.9)

new UniformIntegerDistribution (1,3)

new UniformRealDistribution (0.2,9)

new TriangularDistribution (0.02,6.8,7.2)

new PoissonDistribution (0.02)

-------------------------------(calibrate)
1437 [main] DEBUG org.renci.epi.util.JavaScriptEngine  - getting file: /script/calibrate.js
1453 [main] DEBUG org.renci.epi.util.JavaScriptEngine  - getting resource: /script/calibrate.js file:/G:/dev-OR/crcsim/common/util/target/classes/script/calibrate.js
1453 [main] DEBUG org.renci.epi.util.JavaScriptEngine  - getting file: /script/calibrate.js
1453 [main] DEBUG org.renci.epi.util.JavaScriptEngine  - getting resource: /script/calibrate.js file:/G:/dev-OR/crcsim/common/util/target/classes/script/calibrate.js
arg: logger
arg: org.apache.commons.logging.impl.Log4JLogger@5c3b6c6e
1469 [main] INFO org.renci.epi.util.JavaScriptCalibrate  - ------> calibration.onInitExperiment (root) called.

arg: logger
arg: org.apache.commons.logging.impl.Log4JLogger@5c3b6c6e
1469 [main] INFO org.renci.epi.util.JavaScriptCalibrate  - ------> calibration.onInitExperiment (root) called.

arg: root
arg: org.renci.epi.util.ModelIOTest$1Root@192d74fb
arg: logger
arg: org.apache.commons.logging.impl.Log4JLogger@5c3b6c6e
1484 [main] INFO org.renci.epi.util.JavaScriptCalibrate  - ------> calibration.onInitRun(root) called.

arg: root
arg: org.renci.epi.util.ModelIOTest$1Root@192d74fb
arg: logger
arg: org.apache.commons.logging.impl.Log4JLogger@5c3b6c6e
1484 [main] INFO org.renci.epi.util.JavaScriptCalibrate  - ------> calibration.onRunComplete(root) called.

arg: logger
arg: org.apache.commons.logging.impl.Log4JLogger@5c3b6c6e
1500 [main] INFO org.renci.epi.util.JavaScriptCalibrate  - ------> calibration.onIterationComplete(root) called.

Tests run: 6, Failures: 0, Errors: 0, Skipped: 0, Time elapsed: 1.609 sec
Running org.renci.epi.util.stats.ComplianceModelTest
Tests run: 1, Failures: 0, Errors: 0, Skipped: 0, Time elapsed: 0 sec

Results :

Tests run: 7, Failures: 0, Errors: 0, Skipped: 0

[INFO] 
[INFO] --- maven-jar-plugin:2.4:jar (default-jar) @ util ---
[INFO] Building jar: G:\dev-OR\crcsim\common\util\target\epi-util-1.0-SNAPSHOT.jar
[INFO] 
[INFO] --- maven-install-plugin:2.4:install (default-install) @ util ---
[INFO] Installing G:\dev-OR\crcsim\common\util\target\epi-util-1.0-SNAPSHOT.jar to C:\Users\stevec\.m2\repository\epi\util\1.0-SNAPSHOT\util-1.0-SNAPSHOT.jar
[INFO] Installing G:\dev-OR\crcsim\common\util\pom.xml to C:\Users\stevec\.m2\repository\epi\util\1.0-SNAPSHOT\util-1.0-SNAPSHOT.pom
[INFO]                                                                         
[INFO] ------------------------------------------------------------------------
[INFO] Building epi-geography 1.0-SNAPSHOT
[INFO] ------------------------------------------------------------------------
[INFO] 
[INFO] --- maven-clean-plugin:2.5:clean (default-clean) @ geography ---
[INFO] Deleting G:\dev-OR\crcsim\common\geography\target
[INFO] 
[INFO] --- gmaven-plugin:1.4:execute (default) @ geography ---
[INFO] 
[INFO] --- maven-resources-plugin:2.6:resources (default-resources) @ geography ---
[INFO] Using 'UTF-8' encoding to copy filtered resources.
[INFO] Copying 1 resource
[INFO] 
[INFO] --- maven-compiler-plugin:2.5.1:compile (default-compile) @ geography ---
[INFO] Compiling 4 source files to G:\dev-OR\crcsim\common\geography\target\classes
[INFO] 
[INFO] --- maven-resources-plugin:2.6:testResources (default-testResources) @ geography ---
[INFO] Using 'UTF-8' encoding to copy filtered resources.
[INFO] skip non existing resourceDirectory G:\dev-OR\crcsim\common\geography\src\test\resources
[INFO] 
[INFO] --- maven-compiler-plugin:2.5.1:testCompile (default-testCompile) @ geography ---
[INFO] Compiling 1 source file to G:\dev-OR\crcsim\common\geography\target\test-classes
[INFO] 
[INFO] --- maven-surefire-plugin:2.12.4:test (default-test) @ geography ---
[INFO] Surefire report directory: G:\dev-OR\crcsim\common\geography\target\surefire-reports

-------------------------------------------------------
 T E S T S
-------------------------------------------------------
Running org.renci.epi.geography.GeographyServiceTest
!!!!!_dataRoot 1: \dev-OR\var\crcsim
!!!!!_dataRoot 0: \dev-OR\var\crcsim
!!!!!_dataRoot 1: /dev/var/crcsim
Tests run: 2, Failures: 0, Errors: 0, Skipped: 0, Time elapsed: 0.828 sec

Results :

Tests run: 2, Failures: 0, Errors: 0, Skipped: 0

[INFO] 
[INFO] --- maven-jar-plugin:2.4:jar (default-jar) @ geography ---
[INFO] Building jar: G:\dev-OR\crcsim\common\geography\target\epi-geography-1.0-SNAPSHOT.jar
[INFO] 
[INFO] --- maven-install-plugin:2.4:install (default-install) @ geography ---
[INFO] Installing G:\dev-OR\crcsim\common\geography\target\epi-geography-1.0-SNAPSHOT.jar to C:\Users\stevec\.m2\repository\epi\geography\1.0-SNAPSHOT\geography-1.0-SNAPSHOT.jar
[INFO] Installing G:\dev-OR\crcsim\common\geography\pom.xml to C:\Users\stevec\.m2\repository\epi\geography\1.0-SNAPSHOT\geography-1.0-SNAPSHOT.pom
[INFO]                                                                         
[INFO] ------------------------------------------------------------------------
[INFO] Building epi-population 1.0-SNAPSHOT
[INFO] ------------------------------------------------------------------------
[INFO] 
[INFO] --- maven-clean-plugin:2.5:clean (default-clean) @ population ---
[INFO] Deleting G:\dev-OR\crcsim\common\population\target
[INFO] 
[INFO] --- gmaven-plugin:1.4:execute (default) @ population ---
[INFO] 
[INFO] --- maven-resources-plugin:2.6:resources (default-resources) @ population ---
[INFO] Using 'UTF-8' encoding to copy filtered resources.
[INFO] Copying 9 resources
[INFO] 
[INFO] --- maven-compiler-plugin:2.5.1:compile (default-compile) @ population ---
[INFO] Compiling 12 source files to G:\dev-OR\crcsim\common\population\target\classes
[INFO] 
[INFO] --- maven-resources-plugin:2.6:testResources (default-testResources) @ population ---
[INFO] Using 'UTF-8' encoding to copy filtered resources.
[INFO] skip non existing resourceDirectory G:\dev-OR\crcsim\common\population\src\test\resources
[INFO] 
[INFO] --- maven-compiler-plugin:2.5.1:testCompile (default-testCompile) @ population ---
[INFO] Compiling 2 source files to G:\dev-OR\crcsim\common\population\target\test-classes
[INFO] 
[INFO] --- maven-surefire-plugin:2.12.2:test (default-test) @ population ---
[INFO] Surefire report directory: G:\dev-OR\crcsim\common\population\target\surefire-reports

-------------------------------------------------------
 T E S T S
-------------------------------------------------------
Running org.renci.epi.population.insurance.InsuranceStatusTableTest
0 [main] INFO org.renci.epi.population.insurance.InsuranceStatusTable  - setting header AGE_CAT,HI_CAT,HS_CAT,RACE_CAT,SEX_CAT,P1,P2,P3,P4,P5,P6,P7,P8,P9,P10,CP1,CP2,CP3,CP4,CP5,CP6,CP7,CP8,CP9,CP10
0 [main] DEBUG org.renci.epi.population.insurance.InsuranceStatusTable  - --key: 1.1.1.1.1 => 0.32772575,0.621774197,0.736554341,0.91523563,0.922586588,0.953199789,0.972101543,1,1,1
0 [main] DEBUG org.renci.epi.population.insurance.InsuranceStatusTable  - --key: 1.2.1.1.1 => 0.250731474,0.783689315,0.880091502,0.94252852,0.945777106,0.967680297,0.984252844,1,1,1
0 [main] DEBUG org.renci.epi.population.insurance.InsuranceStatusTable  - --key: 1.3.1.1.1 => 0.090478777,0.859676473,0.943073899,0.951573289,0.953604252,0.959274224,0.968004348,1,1,1
0 [main] DEBUG org.renci.epi.population.insurance.InsuranceStatusTable  - --key: 1.1.2.1.1 => 0.168770177,0.314545448,0.385705383,0.921935203,0.927079284,0.976199669,0.988968009,1,1,1
0 [main] DEBUG org.renci.epi.population.insurance.InsuranceStatusTable  - --key: 1.2.2.1.1 => 0.185699532,0.565691697,0.651646961,0.921129639,0.924399092,0.974943977,0.991044442,1,1,1
0 [main] DEBUG org.renci.epi.population.insurance.InsuranceStatusTable  - --key: 1.3.2.1.1 => 0.087221563,0.801051812,0.897838009,0.945585618,0.948246085,0.965276529,0.976315911,1,1,1
0 [main] DEBUG org.renci.epi.population.insurance.InsuranceStatusTable  - --key: 1.1.3.1.1 => 0.116948994,0.169026448,0.196907218,0.936966948,0.944858417,0.987017691,0.994879288,1,1,1
0 [main] DEBUG org.renci.epi.population.insurance.InsuranceStatusTable  - --key: 1.2.3.1.1 => 0.175674203,0.361000448,0.40697718,0.914719151,0.921566485,0.980791472,0.994325005,1,1,1
0 [main] DEBUG org.renci.epi.population.insurance.InsuranceStatusTable  - --key: 1.3.3.1.1 => 0.132613854,0.692146052,0.775350567,0.919938381,0.928893517,0.960965188,0.975878886,1,1,1
0 [main] DEBUG org.renci.epi.population.insurance.InsuranceStatusTable  - --key: 1.1.1.2.1 => 0.30530719,0.468248546,0.52315215,0.829279652,0.856608601,0.959013398,0.999980102,1,1,1
0 [main] DEBUG org.renci.epi.population.insurance.InsuranceStatusTable  - --key: 1.2.1.2.1 => 0.290786994,0.658445783,0.715852225,0.849021821,0.864057154,0.955270543,0.999986018,1,1,1
0 [main] DEBUG org.renci.epi.population.insurance.InsuranceStatusTable  - --key: 1.3.1.2.1 => 0.138079626,0.836323008,0.90167264,0.925526982,0.937896063,0.968966612,0.999962617,1,1,1
0 [main] DEBUG org.renci.epi.population.insurance.InsuranceStatusTable  - --key: 1.1.2.2.1 => 0.11215451,0.169776847,0.194057714,0.849400923,0.863043029,0.980253897,0.999994387,1,1,1
0 [main] DEBUG org.renci.epi.population.insurance.InsuranceStatusTable  - --key: 1.2.2.2.1 => 0.156911951,0.347899839,0.385192666,0.803960072,0.814984926,0.968343304,0.999994207,1,1,1
0 [main] DEBUG org.renci.epi.population.insurance.InsuranceStatusTable  - --key: 1.3.2.2.1 => 0.116793766,0.685354312,0.751899528,0.869482446,0.883699391,0.965584863,0.99997572,1,1,1
0 [main] DEBUG org.renci.epi.population.insurance.InsuranceStatusTable  - --key: 1.1.3.2.1 => 0.067818985,0.085782467,0.09408417,0.883341049,0.901603758,0.989391325,0.999997727,1,1,1
0 [main] DEBUG org.renci.epi.population.insurance.InsuranceStatusTable  - --key: 1.2.3.2.1 => 0.11597454,0.188748761,0.204333531,0.820778815,0.838818491,0.979211257,0.999997132,1,1,1
0 [main] DEBUG org.renci.epi.population.insurance.InsuranceStatusTable  - --key: 1.3.3.2.1 => 0.138185834,0.484991098,0.529508431,0.806587119,0.843826235,0.963826252,0.999980757,1,1,1
0 [main] DEBUG org.renci.epi.population.insurance.InsuranceStatusTable  - --key: 1.1.1.3.1 => 0.330250855,0.571657794,0.666152884,0.846624799,0.853089042,0.890895256,0.948491455,1,1,1
0 [main] DEBUG org.renci.epi.population.insurance.InsuranceStatusTable  - --key: 1.2.1.3.1 => 0.268187067,0.732616043,0.816857323,0.883794639,0.88682688,0.915538482,0.969139936,1,1,1
0 [main] DEBUG org.renci.epi.population.insurance.InsuranceStatusTable  - --key: 1.3.1.3.1 => 0.101943631,0.808015372,0.884782468,0.894380856,0.896377753,0.904206918,0.93395042,1,1,1
0 [main] DEBUG org.renci.epi.population.insurance.InsuranceStatusTable  - --key: 1.1.2.3.1 => 0.167656842,0.28563644,0.343388864,0.877305811,0.881765184,0.941566177,0.979920856,1,1,1
0 [main] DEBUG org.renci.epi.population.insurance.InsuranceStatusTable  - --key: 1.2.2.3.1 => 0.192336148,0.512979488,0.585712517,0.865467691,0.868422746,0.932580385,0.983005497,1,1,1
16 [main] DEBUG org.renci.epi.population.insurance.InsuranceStatusTable  - --key: 1.3.2.3.1 => 0.097380765,0.746675292,0.834957225,0.888388818,0.890980893,0.914283062,0.951552462,1,1,1
16 [main] DEBUG org.renci.epi.population.insurance.InsuranceStatusTable  - --key: 1.1.3.3.1 => 0.115149995,0.156924821,0.179352343,0.909702913,0.916483474,0.967355803,0.990762308,1,1,1
16 [main] DEBUG org.renci.epi.population.insurance.InsuranceStatusTable  - --key: 1.2.3.3.1 => 0.175147362,0.32567977,0.363128992,0.870511905,0.876469316,0.948833162,0.989633628,1,1,1
16 [main] DEBUG org.renci.epi.population.insurance.InsuranceStatusTable  - --key: 1.3.3.3.1 => 0.141413972,0.627514375,0.700001255,0.854538186,0.862871466,0.904784208,0.952873358,1,1,1
16 [main] DEBUG org.renci.epi.population.insurance.InsuranceStatusTable  - --key: 1.1.1.1.2 => 0.302503697,0.609240116,0.721673394,0.911227631,0.915791148,0.946750814,0.964206293,1,1,1
16 [main] DEBUG org.renci.epi.population.insurance.InsuranceStatusTable  - --key: 1.2.1.1.2 => 0.229659032,0.78134745,0.875053913,0.940782021,0.942783286,0.964764388,0.97995144,1,1,1
16 [main] DEBUG org.renci.epi.population.insurance.InsuranceStatusTable  - --key: 1.3.1.1.2 => 0.080869422,0.857835267,0.936939232,0.945670145,0.946891031,0.952443498,0.960250199,1,1,1
16 [main] DEBUG org.renci.epi.population.insurance.InsuranceStatusTable  - --key: 1.1.2.1.2 => 0.151948286,0.300271898,0.368261676,0.92312416,0.926239056,0.974693014,0.986194238,1,1,1
16 [main] DEBUG org.renci.epi.population.insurance.InsuranceStatusTable  - --key: 1.2.2.1.2 => 0.168479698,0.558096559,0.640855939,0.921853092,0.923848113,0.974091786,0.988706312,1,1,1
16 [main] DEBUG org.renci.epi.population.insurance.InsuranceStatusTable  - --key: 1.3.2.1.2 => 0.078159675,0.801062902,0.893103682,0.942278732,0.943882171,0.960602787,0.970500005,1,1,1
16 [main] DEBUG org.renci.epi.population.insurance.InsuranceStatusTable  - --key: 1.1.3.1.2 => 0.104193136,0.156627825,0.182988429,0.940769393,0.945498032,0.986651188,0.993658685,1,1,1
16 [main] DEBUG org.renci.epi.population.insurance.InsuranceStatusTable  - --key: 1.2.3.1.2 => 0.158496459,0.347458614,0.391479386,0.917967942,0.92212292,0.98066713,0.992883222,1,1,1
16 [main] DEBUG org.renci.epi.population.insurance.InsuranceStatusTable  - --key: 1.3.3.1.2 => 0.119575423,0.689745534,0.769362919,0.919199902,0.924630666,0.956314813,0.969768704,1,1,1
16 [main] DEBUG org.renci.epi.population.insurance.InsuranceStatusTable  - --key: 1.1.1.2.2 => 0.285029403,0.456943026,0.511338338,0.839803472,0.856963234,0.96170993,0.99997418,1,1,1
16 [main] DEBUG org.renci.epi.population.insurance.InsuranceStatusTable  - --key: 1.2.1.2.2 => 0.270482851,0.656970879,0.71363829,0.856003587,0.865409772,0.958368624,0.999981923,1,1,1
16 [main] DEBUG org.renci.epi.population.insurance.InsuranceStatusTable  - --key: 1.3.1.2.2 => 0.125827509,0.844910743,0.908107839,0.93309102,0.940671891,0.971693358,0.99995265,1,1,1
16 [main] DEBUG org.renci.epi.population.insurance.InsuranceStatusTable  - --key: 1.1.2.2.2 => 0.10071493,0.159193174,0.182332425,0.858696011,0.866935386,0.982257447,0.999992994,1,1,1
16 [main] DEBUG org.renci.epi.population.insurance.InsuranceStatusTable  - --key: 1.2.2.2.2 => 0.142552219,0.338639815,0.374594149,0.81183943,0.81857581,0.971224424,0.999992684,1,1,1
16 [main] DEBUG org.renci.epi.population.insurance.InsuranceStatusTable  - --key: 1.3.2.2.2 => 0.106290573,0.691051225,0.755319983,0.878305401,0.88700736,0.968656074,0.999969286,1,1,1
16 [main] DEBUG org.renci.epi.population.insurance.InsuranceStatusTable  - --key: 1.1.3.2.2 => 0.060385216,0.07846096,0.086305266,0.893971659,0.904908206,0.990548815,0.999997186,1,1,1
16 [main] DEBUG org.renci.epi.population.insurance.InsuranceStatusTable  - --key: 1.2.3.2.2 => 0.104482319,0.178576491,0.193476568,0.831753251,0.842683866,0.981261223,0.999996408,1,1,1
16 [main] DEBUG org.renci.epi.population.insurance.InsuranceStatusTable  - --key: 1.3.3.2.2 => 0.126947159,0.487004343,0.530405028,0.822952861,0.84596169,0.966745345,0.999975428,1,1,1
16 [main] DEBUG org.renci.epi.population.insurance.InsuranceStatusTable  - --key: 1.1.1.3.2 => 0.304166362,0.55543791,0.647798024,0.83883224,0.842836484,0.880986773,0.934059401,1,1,1
16 [main] DEBUG org.renci.epi.population.insurance.InsuranceStatusTable  - --key: 1.2.1.3.2 => 0.246178947,0.727969992,0.810032733,0.880650776,0.882522805,0.911398862,0.960625389,1,1,1
16 [main] DEBUG org.renci.epi.population.insurance.InsuranceStatusTable  - --key: 1.3.1.3.2 => 0.090707077,0.800703628,0.873191303,0.883006831,0.884201844,0.891834292,0.918312143,1,1,1
16 [main] DEBUG org.renci.epi.population.insurance.InsuranceStatusTable  - --key: 1.1.2.3.2 => 0.150945506,0.270987209,0.326166625,0.878634347,0.881334624,0.940324122,0.974872432,1,1,1
16 [main] DEBUG org.renci.epi.population.insurance.InsuranceStatusTable  - --key: 1.2.2.3.2 => 0.174888409,0.504383291,0.574567558,0.866923914,0.868731094,0.932648021,0.978520955,1,1,1
16 [main] DEBUG org.renci.epi.population.insurance.InsuranceStatusTable  - --key: 1.3.2.3.2 => 0.087089961,0.743330405,0.827117037,0.882036633,0.883595748,0.906428521,0.939775528,1,1,1
16 [main] DEBUG org.renci.epi.population.insurance.InsuranceStatusTable  - --key: 1.1.3.3.2 => 0.102619069,0.144692229,0.165902852,0.913951457,0.918015568,0.967687742,0.988557156,1,1,1
16 [main] DEBUG org.renci.epi.population.insurance.InsuranceStatusTable  - --key: 1.2.3.3.2 => 0.158265676,0.3119889,0.347900431,0.874830856,0.878451421,0.95009416,0.98697984,1,1,1
16 [main] DEBUG org.renci.epi.population.insurance.InsuranceStatusTable  - --key: 1.3.3.3.2 => 0.127348842,0.622063751,0.69133772,0.851282202,0.856329446,0.897683316,0.941010387,1,1,1
16 [main] DEBUG org.renci.epi.population.insurance.InsuranceStatusTable  - --key: 1.1.1.1.1 => 0.32772575,0.621774197,0.736554341,0.91523563,0.922586588,0.953199789,0.972101543,1,1,1
16 [main] DEBUG org.renci.epi.population.insurance.InsuranceStatusTable  - --key: 1.2.1.1.1 => 0.250731474,0.783689315,0.880091502,0.94252852,0.945777106,0.967680297,0.984252844,1,1,1
16 [main] DEBUG org.renci.epi.population.insurance.InsuranceStatusTable  - --key: 1.3.1.1.1 => 0.090478777,0.859676473,0.943073899,0.951573289,0.953604252,0.959274224,0.968004348,1,1,1
16 [main] DEBUG org.renci.epi.population.insurance.InsuranceStatusTable  - --key: 1.1.2.1.1 => 0.168770177,0.314545448,0.385705383,0.921935203,0.927079284,0.976199669,0.988968009,1,1,1
16 [main] DEBUG org.renci.epi.population.insurance.InsuranceStatusTable  - --key: 1.2.2.1.1 => 0.185699532,0.565691697,0.651646961,0.921129639,0.924399092,0.974943977,0.991044442,1,1,1
16 [main] DEBUG org.renci.epi.population.insurance.InsuranceStatusTable  - --key: 1.3.2.1.1 => 0.087221563,0.801051812,0.897838009,0.945585618,0.948246085,0.965276529,0.976315911,1,1,1
16 [main] DEBUG org.renci.epi.population.insurance.InsuranceStatusTable  - --key: 1.1.3.1.1 => 0.116948994,0.169026448,0.196907218,0.936966948,0.944858417,0.987017691,0.994879288,1,1,1
16 [main] DEBUG org.renci.epi.population.insurance.InsuranceStatusTable  - --key: 1.2.3.1.1 => 0.175674203,0.361000448,0.40697718,0.914719151,0.921566485,0.980791472,0.994325005,1,1,1
16 [main] DEBUG org.renci.epi.population.insurance.InsuranceStatusTable  - --key: 1.3.3.1.1 => 0.132613854,0.692146052,0.775350567,0.919938381,0.928893517,0.960965188,0.975878886,1,1,1
16 [main] DEBUG org.renci.epi.population.insurance.InsuranceStatusTable  - --key: 1.1.1.2.1 => 0.30530719,0.468248546,0.52315215,0.829279652,0.856608601,0.959013398,0.999980102,1,1,1
16 [main] DEBUG org.renci.epi.population.insurance.InsuranceStatusTable  - --key: 1.2.1.2.1 => 0.290786994,0.658445783,0.715852225,0.849021821,0.864057154,0.955270543,0.999986018,1,1,1
16 [main] DEBUG org.renci.epi.population.insurance.InsuranceStatusTable  - --key: 1.3.1.2.1 => 0.138079626,0.836323008,0.90167264,0.925526982,0.937896063,0.968966612,0.999962617,1,1,1
16 [main] DEBUG org.renci.epi.population.insurance.InsuranceStatusTable  - --key: 1.1.2.2.1 => 0.11215451,0.169776847,0.194057714,0.849400923,0.863043029,0.980253897,0.999994387,1,1,1
16 [main] DEBUG org.renci.epi.population.insurance.InsuranceStatusTable  - --key: 1.2.2.2.1 => 0.156911951,0.347899839,0.385192666,0.803960072,0.814984926,0.968343304,0.999994207,1,1,1
16 [main] DEBUG org.renci.epi.population.insurance.InsuranceStatusTable  - --key: 1.3.2.2.1 => 0.116793766,0.685354312,0.751899528,0.869482446,0.883699391,0.965584863,0.99997572,1,1,1
16 [main] DEBUG org.renci.epi.population.insurance.InsuranceStatusTable  - --key: 1.1.3.2.1 => 0.067818985,0.085782467,0.09408417,0.883341049,0.901603758,0.989391325,0.999997727,1,1,1
16 [main] DEBUG org.renci.epi.population.insurance.InsuranceStatusTable  - --key: 1.2.3.2.1 => 0.11597454,0.188748761,0.204333531,0.820778815,0.838818491,0.979211257,0.999997132,1,1,1
16 [main] DEBUG org.renci.epi.population.insurance.InsuranceStatusTable  - --key: 1.3.3.2.1 => 0.138185834,0.484991098,0.529508431,0.806587119,0.843826235,0.963826252,0.999980757,1,1,1
16 [main] DEBUG org.renci.epi.population.insurance.InsuranceStatusTable  - --key: 1.1.1.3.1 => 0.330250855,0.571657794,0.666152884,0.846624799,0.853089042,0.890895256,0.948491455,1,1,1
16 [main] DEBUG org.renci.epi.population.insurance.InsuranceStatusTable  - --key: 1.2.1.3.1 => 0.268187067,0.732616043,0.816857323,0.883794639,0.88682688,0.915538482,0.969139936,1,1,1
16 [main] DEBUG org.renci.epi.population.insurance.InsuranceStatusTable  - --key: 1.3.1.3.1 => 0.101943631,0.808015372,0.884782468,0.894380856,0.896377753,0.904206918,0.93395042,1,1,1
16 [main] DEBUG org.renci.epi.population.insurance.InsuranceStatusTable  - --key: 1.1.2.3.1 => 0.167656842,0.28563644,0.343388864,0.877305811,0.881765184,0.941566177,0.979920856,1,1,1
16 [main] DEBUG org.renci.epi.population.insurance.InsuranceStatusTable  - --key: 1.2.2.3.1 => 0.192336148,0.512979488,0.585712517,0.865467691,0.868422746,0.932580385,0.983005497,1,1,1
16 [main] DEBUG org.renci.epi.population.insurance.InsuranceStatusTable  - --key: 1.3.2.3.1 => 0.097380765,0.746675292,0.834957225,0.888388818,0.890980893,0.914283062,0.951552462,1,1,1
16 [main] DEBUG org.renci.epi.population.insurance.InsuranceStatusTable  - --key: 1.1.3.3.1 => 0.115149995,0.156924821,0.179352343,0.909702913,0.916483474,0.967355803,0.990762308,1,1,1
16 [main] DEBUG org.renci.epi.population.insurance.InsuranceStatusTable  - --key: 1.2.3.3.1 => 0.175147362,0.32567977,0.363128992,0.870511905,0.876469316,0.948833162,0.989633628,1,1,1
16 [main] DEBUG org.renci.epi.population.insurance.InsuranceStatusTable  - --key: 1.3.3.3.1 => 0.141413972,0.627514375,0.700001255,0.854538186,0.862871466,0.904784208,0.952873358,1,1,1
16 [main] DEBUG org.renci.epi.population.insurance.InsuranceStatusTable  - --key: 1.1.1.1.2 => 0.302503697,0.609240116,0.721673394,0.911227631,0.915791148,0.946750814,0.964206293,1,1,1
16 [main] DEBUG org.renci.epi.population.insurance.InsuranceStatusTable  - --key: 1.2.1.1.2 => 0.229659032,0.78134745,0.875053913,0.940782021,0.942783286,0.964764388,0.97995144,1,1,1
16 [main] DEBUG org.renci.epi.population.insurance.InsuranceStatusTable  - --key: 1.3.1.1.2 => 0.080869422,0.857835267,0.936939232,0.945670145,0.946891031,0.952443498,0.960250199,1,1,1
16 [main] DEBUG org.renci.epi.population.insurance.InsuranceStatusTable  - --key: 1.1.2.1.2 => 0.151948286,0.300271898,0.368261676,0.92312416,0.926239056,0.974693014,0.986194238,1,1,1
16 [main] DEBUG org.renci.epi.population.insurance.InsuranceStatusTable  - --key: 1.2.2.1.2 => 0.168479698,0.558096559,0.640855939,0.921853092,0.923848113,0.974091786,0.988706312,1,1,1
32 [main] DEBUG org.renci.epi.population.insurance.InsuranceStatusTable  - --key: 1.3.2.1.2 => 0.078159675,0.801062902,0.893103682,0.942278732,0.943882171,0.960602787,0.970500005,1,1,1
32 [main] DEBUG org.renci.epi.population.insurance.InsuranceStatusTable  - --key: 1.1.3.1.2 => 0.104193136,0.156627825,0.182988429,0.940769393,0.945498032,0.986651188,0.993658685,1,1,1
32 [main] DEBUG org.renci.epi.population.insurance.InsuranceStatusTable  - --key: 1.2.3.1.2 => 0.158496459,0.347458614,0.391479386,0.917967942,0.92212292,0.98066713,0.992883222,1,1,1
32 [main] DEBUG org.renci.epi.population.insurance.InsuranceStatusTable  - --key: 1.3.3.1.2 => 0.119575423,0.689745534,0.769362919,0.919199902,0.924630666,0.956314813,0.969768704,1,1,1
32 [main] DEBUG org.renci.epi.population.insurance.InsuranceStatusTable  - --key: 1.1.1.2.2 => 0.285029403,0.456943026,0.511338338,0.839803472,0.856963234,0.96170993,0.99997418,1,1,1
32 [main] DEBUG org.renci.epi.population.insurance.InsuranceStatusTable  - --key: 1.2.1.2.2 => 0.270482851,0.656970879,0.71363829,0.856003587,0.865409772,0.958368624,0.999981923,1,1,1
32 [main] DEBUG org.renci.epi.population.insurance.InsuranceStatusTable  - --key: 1.3.1.2.2 => 0.125827509,0.844910743,0.908107839,0.93309102,0.940671891,0.971693358,0.99995265,1,1,1
32 [main] DEBUG org.renci.epi.population.insurance.InsuranceStatusTable  - --key: 1.1.2.2.2 => 0.10071493,0.159193174,0.182332425,0.858696011,0.866935386,0.982257447,0.999992994,1,1,1
32 [main] DEBUG org.renci.epi.population.insurance.InsuranceStatusTable  - --key: 1.2.2.2.2 => 0.142552219,0.338639815,0.374594149,0.81183943,0.81857581,0.971224424,0.999992684,1,1,1
32 [main] DEBUG org.renci.epi.population.insurance.InsuranceStatusTable  - --key: 1.3.2.2.2 => 0.106290573,0.691051225,0.755319983,0.878305401,0.88700736,0.968656074,0.999969286,1,1,1
32 [main] DEBUG org.renci.epi.population.insurance.InsuranceStatusTable  - --key: 1.1.3.2.2 => 0.060385216,0.07846096,0.086305266,0.893971659,0.904908206,0.990548815,0.999997186,1,1,1
32 [main] DEBUG org.renci.epi.population.insurance.InsuranceStatusTable  - --key: 1.2.3.2.2 => 0.104482319,0.178576491,0.193476568,0.831753251,0.842683866,0.981261223,0.999996408,1,1,1
32 [main] DEBUG org.renci.epi.population.insurance.InsuranceStatusTable  - --key: 1.3.3.2.2 => 0.126947159,0.487004343,0.530405028,0.822952861,0.84596169,0.966745345,0.999975428,1,1,1
32 [main] DEBUG org.renci.epi.population.insurance.InsuranceStatusTable  - --key: 1.1.1.3.2 => 0.304166362,0.55543791,0.647798024,0.83883224,0.842836484,0.880986773,0.934059401,1,1,1
32 [main] DEBUG org.renci.epi.population.insurance.InsuranceStatusTable  - --key: 1.2.1.3.2 => 0.246178947,0.727969992,0.810032733,0.880650776,0.882522805,0.911398862,0.960625389,1,1,1
32 [main] DEBUG org.renci.epi.population.insurance.InsuranceStatusTable  - --key: 1.3.1.3.2 => 0.090707077,0.800703628,0.873191303,0.883006831,0.884201844,0.891834292,0.918312143,1,1,1
32 [main] DEBUG org.renci.epi.population.insurance.InsuranceStatusTable  - --key: 1.1.2.3.2 => 0.150945506,0.270987209,0.326166625,0.878634347,0.881334624,0.940324122,0.974872432,1,1,1
32 [main] DEBUG org.renci.epi.population.insurance.InsuranceStatusTable  - --key: 1.2.2.3.2 => 0.174888409,0.504383291,0.574567558,0.866923914,0.868731094,0.932648021,0.978520955,1,1,1
32 [main] DEBUG org.renci.epi.population.insurance.InsuranceStatusTable  - --key: 1.3.2.3.2 => 0.087089961,0.743330405,0.827117037,0.882036633,0.883595748,0.906428521,0.939775528,1,1,1
32 [main] DEBUG org.renci.epi.population.insurance.InsuranceStatusTable  - --key: 1.1.3.3.2 => 0.102619069,0.144692229,0.165902852,0.913951457,0.918015568,0.967687742,0.988557156,1,1,1
32 [main] DEBUG org.renci.epi.population.insurance.InsuranceStatusTable  - --key: 1.2.3.3.2 => 0.158265676,0.3119889,0.347900431,0.874830856,0.878451421,0.95009416,0.98697984,1,1,1
32 [main] DEBUG org.renci.epi.population.insurance.InsuranceStatusTable  - --key: 1.3.3.3.2 => 0.127348842,0.622063751,0.69133772,0.851282202,0.856329446,0.897683316,0.941010387,1,1,1
32 [main] DEBUG org.renci.epi.population.insurance.InsuranceStatusTable  - --key: 2.1.1.1.1 => 0.529207995,0.765584463,0.838476559,0.910647664,0.93233258,0.946001652,0.974924627,1,1,1
32 [main] DEBUG org.renci.epi.population.insurance.InsuranceStatusTable  - --key: 2.2.1.1.1 => 0.280325988,0.8514575,0.921730824,0.933376911,0.942778298,0.948123372,0.969871557,1,1,1
32 [main] DEBUG org.renci.epi.population.insurance.InsuranceStatusTable  - --key: 2.3.1.1.1 => 0.126275117,0.875563808,0.946333286,0.949140268,0.953529189,0.955858312,0.967172658,1,1,1
32 [main] DEBUG org.renci.epi.population.insurance.InsuranceStatusTable  - --key: 2.1.2.1.1 => 0.500425782,0.601230567,0.636262448,0.917610321,0.938844905,0.970209482,0.99021162,1,1,1
32 [main] DEBUG org.renci.epi.population.insurance.InsuranceStatusTable  - --key: 2.2.2.1.1 => 0.416733507,0.799641835,0.852737038,0.924111375,0.938584415,0.957865697,0.981510639,1,1,1
32 [main] DEBUG org.renci.epi.population.insurance.InsuranceStatusTable  - --key: 2.3.2.1.1 => 0.232227132,0.853679702,0.919826817,0.941108298,0.949466747,0.959860552,0.975078107,1,1,1
32 [main] DEBUG org.renci.epi.population.insurance.InsuranceStatusTable  - --key: 2.1.3.1.1 => 0.498400138,0.546526242,0.557725524,0.932489809,0.952252953,0.984194466,0.994136011,1,1,1
32 [main] DEBUG org.renci.epi.population.insurance.InsuranceStatusTable  - --key: 2.2.3.1.1 => 0.5419525,0.780655946,0.802819855,0.926962494,0.944551299,0.970191197,0.985536662,1,1,1
32 [main] DEBUG org.renci.epi.population.insurance.InsuranceStatusTable  - --key: 2.3.3.1.1 => 0.374049923,0.853878018,0.888077205,0.933922474,0.946503501,0.963622122,0.975854206,1,1,1
32 [main] DEBUG org.renci.epi.population.insurance.InsuranceStatusTable  - --key: 2.1.1.2.1 => 0.48719925,0.706080626,0.728513543,0.904736373,0.904736494,0.999997973,0.999999062,1,1,1
32 [main] DEBUG org.renci.epi.population.insurance.InsuranceStatusTable  - --key: 2.2.1.2.1 => 0.295194375,0.900124479,0.924862236,0.957389186,0.957389246,0.999997774,0.99999871,1,1,1
32 [main] DEBUG org.renci.epi.population.insurance.InsuranceStatusTable  - --key: 2.3.1.2.1 => 0.135974498,0.947520644,0.972995444,0.981012187,0.981012215,0.999998065,0.999998563,1,1,1
32 [main] DEBUG org.renci.epi.population.insurance.InsuranceStatusTable  - --key: 2.1.2.2.1 => 0.313319621,0.376802034,0.38413427,0.851342146,0.851342227,0.999999239,0.999999751,1,1,1
32 [main] DEBUG org.renci.epi.population.insurance.InsuranceStatusTable  - --key: 2.2.2.2.1 => 0.360842755,0.694329625,0.709698425,0.873614015,0.873614091,0.999998512,0.999999349,1,1,1
32 [main] DEBUG org.renci.epi.population.insurance.InsuranceStatusTable  - --key: 2.3.2.2.1 => 0.228898404,0.845013929,0.866809377,0.922444653,0.922444703,0.999998388,0.999999001,1,1,1
32 [main] DEBUG org.renci.epi.population.insurance.InsuranceStatusTable  - --key: 2.1.3.2.1 => 0.279008202,0.306106617,0.308202437,0.864638942,0.86463901,0.999999639,0.999999867,1,1,1
32 [main] DEBUG org.renci.epi.population.insurance.InsuranceStatusTable  - --key: 2.2.3.2.1 => 0.412817602,0.59570342,0.601347179,0.852152391,0.852152473,0.999999074,0.999999552,1,1,1
32 [main] DEBUG org.renci.epi.population.insurance.InsuranceStatusTable  - --key: 2.3.3.2.1 => 0.334184369,0.765372296,0.775586333,0.884221314,0.884221382,0.999998676,0.999999123,1,1,1
32 [main] DEBUG org.renci.epi.population.insurance.InsuranceStatusTable  - --key: 2.1.1.3.1 => 0.538152588,0.758174405,0.802602949,0.848659265,0.85860582,0.876365368,0.947330798,1,1,1
32 [main] DEBUG org.renci.epi.population.insurance.InsuranceStatusTable  - --key: 2.2.1.3.1 => 0.286541145,0.820911336,0.863965656,0.87143617,0.875770794,0.88275137,0.936389235,1,1,1
32 [main] DEBUG org.renci.epi.population.insurance.InsuranceStatusTable  - --key: 2.3.1.3.1 => 0.132035969,0.849179566,0.893532574,0.895374453,0.897444442,0.90055602,0.929100938,1,1,1
32 [main] DEBUG org.renci.epi.population.insurance.InsuranceStatusTable  - --key: 2.1.2.3.1 => 0.550896721,0.652473428,0.675588571,0.869954865,0.88049898,0.924613726,0.977742743,1,1,1
32 [main] DEBUG org.renci.epi.population.insurance.InsuranceStatusTable  - --key: 2.2.2.3.1 => 0.429514061,0.790754407,0.823554635,0.869719106,0.876447549,0.901837901,0.960638544,1,1,1
32 [main] DEBUG org.renci.epi.population.insurance.InsuranceStatusTable  - --key: 2.3.2.3.1 => 0.242076279,0.8350422,0.876371,0.890292561,0.894222636,0.908065555,0.946340007,1,1,1
32 [main] DEBUG org.renci.epi.population.insurance.InsuranceStatusTable  - --key: 2.1.3.3.1 => 0.57276112,0.623385363,0.631099515,0.901371093,0.91161551,0.958514632,0.986080654,1,1,1
32 [main] DEBUG org.renci.epi.population.insurance.InsuranceStatusTable  - --key: 2.2.3.3.1 => 0.564986908,0.79276834,0.806617586,0.887834211,0.896105046,0.930256351,0.968855884,1,1,1
32 [main] DEBUG org.renci.epi.population.insurance.InsuranceStatusTable  - --key: 2.3.3.3.1 => 0.385833955,0.838876532,0.860020635,0.889697103,0.8955507,0.918111448,0.948555059,1,1,1
32 [main] DEBUG org.renci.epi.population.insurance.InsuranceStatusTable  - --key: 2.1.1.1.2 => 0.415613619,0.701860529,0.803064798,0.925499658,0.942997493,0.958465493,0.977492743,1,1,1
32 [main] DEBUG org.renci.epi.population.insurance.InsuranceStatusTable  - --key: 2.2.1.1.2 => 0.203076873,0.841055931,0.931055954,0.949280449,0.956278099,0.961857437,0.97505488,1,1,1
32 [main] DEBUG org.renci.epi.population.insurance.InsuranceStatusTable  - --key: 2.3.1.1.2 => 0.086036858,0.873244201,0.958488977,0.962620259,0.965692729,0.967979333,0.974436855,1,1,1
32 [main] DEBUG org.renci.epi.population.insurance.InsuranceStatusTable  - --key: 2.1.2.1.2 => 0.35228997,0.461714565,0.50531382,0.933155017,0.948514181,0.980329169,0.992124408,1,1,1
32 [main] DEBUG org.renci.epi.population.insurance.InsuranceStatusTable  - --key: 2.2.2.1.2 => 0.31127448,0.752289217,0.822401709,0.937562741,0.948670029,0.969421684,0.984215938,1,1,1
32 [main] DEBUG org.renci.epi.population.insurance.InsuranceStatusTable  - --key: 2.3.2.1.2 => 0.163749112,0.839438621,0.921896455,0.954311467,0.960367036,0.97092724,0.979915602,1,1,1
32 [main] DEBUG org.renci.epi.population.insurance.InsuranceStatusTable  - --key: 2.1.3.1.2 => 0.336006684,0.386035895,0.399383857,0.94514966,0.958839204,0.989867433,0.995481704,1,1,1
32 [main] DEBUG org.renci.epi.population.insurance.InsuranceStatusTable  - --key: 2.2.3.1.2 => 0.416319363,0.699065883,0.729165901,0.935164716,0.949047127,0.977427195,0.987301696,1,1,1
32 [main] DEBUG org.renci.epi.population.insurance.InsuranceStatusTable  - --key: 2.3.3.1.2 => 0.27730964,0.825831908,0.870655453,0.944074422,0.953657714,0.971944438,0.979540798,1,1,1
32 [main] DEBUG org.renci.epi.population.insurance.InsuranceStatusTable  - --key: 2.1.1.2.2 => 0.352457766,0.596622243,0.625312949,0.900698408,0.900698498,0.999998565,0.999999224,1,1,1
32 [main] DEBUG org.renci.epi.population.insurance.InsuranceStatusTable  - --key: 2.2.1.2.2 => 0.210347534,0.875020076,0.906183465,0.956250405,0.956250449,0.999998391,0.99999895,1,1,1
32 [main] DEBUG org.renci.epi.population.insurance.InsuranceStatusTable  - --key: 2.3.1.2.2 => 0.092057602,0.939262791,0.969753533,0.981477605,0.981477625,0.999998606,0.999998888,1,1,1
32 [main] DEBUG org.renci.epi.population.insurance.InsuranceStatusTable  - --key: 2.1.2.2.2 => 0.190167816,0.249580072,0.257447647,0.869992566,0.869992617,0.999999567,0.999999827,1,1,1
32 [main] DEBUG org.renci.epi.population.insurance.InsuranceStatusTable  - --key: 2.2.2.2.2 => 0.250860095,0.608351436,0.627240419,0.873397433,0.873397487,0.999998996,0.999999483,1,1,1
32 [main] DEBUG org.renci.epi.population.insurance.InsuranceStatusTable  - --key: 2.3.2.2.2 => 0.157928137,0.813397041,0.839982097,0.922899435,0.92289947,0.999998858,0.999999213,1,1,1
32 [main] DEBUG org.renci.epi.population.insurance.InsuranceStatusTable  - --key: 2.1.3.2.2 => 0.162071823,0.186343937,0.188496222,0.88670374,0.88670378,0.999999801,0.999999911,1,1,1
32 [main] DEBUG org.renci.epi.population.insurance.InsuranceStatusTable  - --key: 2.2.3.2.2 => 0.282829288,0.476034748,0.482870553,0.854047582,0.85404764,0.999999375,0.999999649,1,1,1
32 [main] DEBUG org.renci.epi.population.insurance.InsuranceStatusTable  - --key: 2.3.3.2.2 => 0.235572476,0.704254398,0.716983298,0.882402708,0.882402758,0.99999903,0.999999294,1,1,1
32 [main] DEBUG org.renci.epi.population.insurance.InsuranceStatusTable  - --key: 2.1.1.3.2 => 0.444423619,0.724599432,0.789464189,0.871623967,0.880063678,0.901196397,0.950288115,1,1,1
32 [main] DEBUG org.renci.epi.population.insurance.InsuranceStatusTable  - --key: 2.2.1.3.2 => 0.214651231,0.831902241,0.88892105,0.901009628,0.904345897,0.911880656,0.945538599,1,1,1
32 [main] DEBUG org.renci.epi.population.insurance.InsuranceStatusTable  - --key: 2.3.1.3.2 => 0.092217713,0.864545057,0.919309691,0.922088517,0.923573951,0.926705322,0.943405481,1,1,1
32 [main] DEBUG org.renci.epi.population.insurance.InsuranceStatusTable  - --key: 2.1.2.3.2 => 0.419703818,0.539031185,0.570164425,0.890033349,0.898286999,0.946714076,0.980619893,1,1,1
32 [main] DEBUG org.renci.epi.population.insurance.InsuranceStatusTable  - --key: 2.2.2.3.2 => 0.335039567,0.769537942,0.814770442,0.892557068,0.897949647,0.926487361,0.964908522,1,1,1
32 [main] DEBUG org.renci.epi.population.insurance.InsuranceStatusTable  - --key: 2.3.2.3.2 => 0.175810367,0.839851795,0.892915803,0.9147561,0.917688723,0.93217483,0.955459545,1,1,1
32 [main] DEBUG org.renci.epi.population.insurance.InsuranceStatusTable  - --key: 2.1.3.3.2 => 0.419488109,0.476659383,0.486647631,0.914234996,0.92194397,0.971436833,0.988348636,1,1,1
32 [main] DEBUG org.renci.epi.population.insurance.InsuranceStatusTable  - --key: 2.2.3.3.2 => 0.45498396,0.737829422,0.757546332,0.898826435,0.905669809,0.945297316,0.971335425,1,1,1
32 [main] DEBUG org.renci.epi.population.insurance.InsuranceStatusTable  - --key: 2.3.3.3.2 => 0.294819333,0.828606006,0.857168742,0.906151821,0.910747414,0.935586794,0.955072735,1,1,1
32 [main] DEBUG org.renci.epi.population.insurance.InsuranceStatusTable  - --key: 3.1.1.1.1 => 0.435416105,0.617125914,0.690805601,0.841491779,0.881796086,0.93844606,0.943047624,0.965747535,0.987814545,1
32 [main] DEBUG org.renci.epi.population.insurance.InsuranceStatusTable  - --key: 3.2.1.1.1 => 0.299189039,0.818691159,0.871900053,0.904071682,0.920781259,0.94066713,0.949315862,0.958247393,0.972949729,1
32 [main] DEBUG org.renci.epi.population.insurance.InsuranceStatusTable  - --key: 3.3.1.1.1 => 0.072287923,0.882305408,0.932226956,0.940461522,0.944226312,0.949895768,0.952928112,0.957420946,0.962792486,1
32 [main] DEBUG org.renci.epi.population.insurance.InsuranceStatusTable  - --key: 3.1.2.1.1 => 0.468406302,0.602181847,0.684616426,0.889451798,0.905631872,0.938467584,0.941481468,0.975350056,0.98930683,1
32 [main] DEBUG org.renci.epi.population.insurance.InsuranceStatusTable  - --key: 3.2.2.1.1 => 0.366646227,0.802327589,0.870143123,0.919961306,0.927602792,0.940733091,0.947186019,0.962366382,0.972959192,1
32 [main] DEBUG org.renci.epi.population.insurance.InsuranceStatusTable  - --key: 3.3.2.1.1 => 0.098351305,0.852555402,0.923194611,0.937351519,0.939262982,0.943419065,0.945930927,0.95440885,0.958705565,1
32 [main] DEBUG org.renci.epi.population.insurance.InsuranceStatusTable  - --key: 3.1.3.1.1 => 0.40547073,0.469833622,0.512716031,0.880984596,0.895121881,0.931031284,0.93249104,0.969174438,0.993258669,1
32 [main] DEBUG org.renci.epi.population.insurance.InsuranceStatusTable  - --key: 3.2.3.1.1 => 0.436100402,0.724125473,0.772598643,0.895668039,0.904842188,0.924572724,0.928867228,0.951459355,0.976575987,1
32 [main] DEBUG org.renci.epi.population.insurance.InsuranceStatusTable  - --key: 3.3.3.1.1 => 0.151957929,0.79962851,0.865216156,0.910645303,0.913626275,0.921738732,0.923910212,0.940299816,0.953533802,1
32 [main] DEBUG org.renci.epi.population.insurance.InsuranceStatusTable  - --key: 3.1.1.2.1 => 0.446939521,0.547402331,0.583788179,0.897123138,0.8971236,0.897124012,0.897124214,0.89712454,0.986101649,1
32 [main] DEBUG org.renci.epi.population.insurance.InsuranceStatusTable  - --key: 3.2.1.2.1 => 0.394924018,0.764273824,0.798064163,0.884090629,0.884090875,0.884091061,0.884091551,0.884091716,0.960325015,1
32 [main] DEBUG org.renci.epi.population.insurance.InsuranceStatusTable  - --key: 3.3.1.2.1 => 0.118171039,0.831389178,0.870651303,0.897920806,0.897920875,0.89792094,0.897921153,0.897921256,0.932414546,1
32 [main] DEBUG org.renci.epi.population.insurance.InsuranceStatusTable  - --key: 3.1.2.2.1 => 0.44115274,0.509014585,0.54636678,0.937173811,0.937173982,0.937174201,0.937174322,0.937174768,0.988809487,1
47 [main] DEBUG org.renci.epi.population.insurance.InsuranceStatusTable  - --key: 3.2.2.2.1 => 0.454604095,0.745567111,0.78602058,0.911151654,0.91115176,0.911151875,0.911152218,0.911152481,0.962745129,1
47 [main] DEBUG org.renci.epi.population.insurance.InsuranceStatusTable  - --key: 3.3.2.2.1 => 0.156111238,0.800912101,0.854855751,0.900376944,0.900376977,0.900377024,0.900377195,0.900377383,0.927167897,1
47 [main] DEBUG org.renci.epi.population.insurance.InsuranceStatusTable  - --key: 3.1.3.2.1 => 0.309780535,0.33626632,0.352028426,0.921996366,0.921996487,0.921996681,0.921996729,0.921997121,0.994277082,1
47 [main] DEBUG org.renci.epi.population.insurance.InsuranceStatusTable  - --key: 3.2.3.2.1 => 0.441147482,0.598079043,0.621669655,0.873865861,0.873865965,0.873866106,0.873866292,0.873866612,0.973670907,1
47 [main] DEBUG org.renci.epi.population.insurance.InsuranceStatusTable  - --key: 3.3.3.2.1 => 0.208731273,0.687913841,0.731257608,0.857670074,0.85767012,0.857670199,0.857670327,0.857670642,0.929078392,1
47 [main] DEBUG org.renci.epi.population.insurance.InsuranceStatusTable  - --key: 3.1.1.3.1 => 0.443776322,0.611090735,0.666435686,0.752906545,0.803391276,0.837736196,0.839723758,0.871826953,0.978145779,1
47 [main] DEBUG org.renci.epi.population.insurance.InsuranceStatusTable  - --key: 3.2.1.3.1 => 0.301791198,0.775207883,0.814764188,0.833035539,0.853750079,0.865681953,0.869379119,0.881880307,0.951986157,1
47 [main] DEBUG org.renci.epi.population.insurance.InsuranceStatusTable  - --key: 3.3.1.3.1 => 0.075940924,0.844717016,0.883368732,0.888239389,0.8931001,0.896642965,0.897992998,0.9045423,0.931218009,1
47 [main] DEBUG org.renci.epi.population.insurance.InsuranceStatusTable  - --key: 3.1.2.3.1 => 0.499456476,0.628325041,0.69310713,0.816082061,0.837285407,0.8581123,0.859474237,0.909585631,0.9799361,1
47 [main] DEBUG org.renci.epi.population.insurance.InsuranceStatusTable  - --key: 3.2.2.3.1 => 0.375299448,0.778197376,0.829357371,0.858068833,0.8676818,0.875676616,0.878475875,0.900037295,0.951293791,1
47 [main] DEBUG org.renci.epi.population.insurance.InsuranceStatusTable  - --key: 3.3.2.3.1 => 0.103486072,0.820431355,0.875210873,0.883597878,0.886069697,0.888670989,0.889791079,0.90216923,0.923541236,1
47 [main] DEBUG org.renci.epi.population.insurance.InsuranceStatusTable  - --key: 3.1.3.3.1 => 0.44142886,0.504732999,0.539140331,0.764877242,0.783792671,0.807047468,0.807720967,0.863136976,0.987085405,1
47 [main] DEBUG org.renci.epi.population.insurance.InsuranceStatusTable  - --key: 3.2.3.3.1 => 0.42861662,0.684362213,0.71947413,0.78757761,0.798659077,0.810194262,0.811983018,0.842793899,0.959488551,1
47 [main] DEBUG org.renci.epi.population.insurance.InsuranceStatusTable  - --key: 3.3.3.3.1 => 0.153884819,0.746430626,0.795382019,0.82128464,0.824994685,0.829881524,0.830813455,0.853844059,0.917197488,1
47 [main] DEBUG org.renci.epi.population.insurance.InsuranceStatusTable  - --key: 3.1.1.1.2 => 0.352813975,0.556406829,0.649614994,0.863601316,0.890702845,0.94583959,0.950619585,0.973438218,0.989676227,1
47 [main] DEBUG org.renci.epi.population.insurance.InsuranceStatusTable  - --key: 3.2.1.1.2 => 0.237727502,0.808501186,0.874507104,0.919307113,0.930325049,0.949304274,0.958114092,0.966918169,0.977527013,1
47 [main] DEBUG org.renci.epi.population.insurance.InsuranceStatusTable  - --key: 3.3.1.1.2 => 0.053630659,0.884599331,0.942422292,0.953129086,0.955446957,0.960499253,0.963383328,0.967518485,0.971137532,1
47 [main] DEBUG org.renci.epi.population.insurance.InsuranceStatusTable  - --key: 3.1.2.1.2 => 0.370671023,0.517052291,0.618897412,0.902978398,0.913603851,0.944815194,0.947872741,0.981122399,0.991152353,1
47 [main] DEBUG org.renci.epi.population.insurance.InsuranceStatusTable  - --key: 3.2.2.1.2 => 0.293462917,0.775652542,0.860394811,0.930276791,0.935352362,0.94797589,0.954597194,0.969670633,0.97737018,1
47 [main] DEBUG org.renci.epi.population.insurance.InsuranceStatusTable  - --key: 3.3.2.1.2 => 0.073193638,0.84930665,0.931380335,0.949844639,0.951025124,0.954740284,0.95713674,0.964963949,0.967867822,1
47 [main] DEBUG org.renci.epi.population.insurance.InsuranceStatusTable  - --key: 3.1.3.1.2 => 0.303044062,0.369559842,0.419596736,0.901968883,0.910737141,0.942974138,0.944372783,0.978385396,0.994731981,1
47 [main] DEBUG org.renci.epi.population.insurance.InsuranceStatusTable  - --key: 3.2.3.1.2 => 0.352297422,0.674030815,0.735165728,0.909404319,0.915554527,0.934699819,0.939147327,0.961788779,0.980214834,1
47 [main] DEBUG org.renci.epi.population.insurance.InsuranceStatusTable  - --key: 3.3.3.1.2 => 0.114644277,0.790300921,0.867554027,0.927620883,0.929487211,0.936838806,0.93893903,0.954278898,0.963345983,1
47 [main] DEBUG org.renci.epi.population.insurance.InsuranceStatusTable  - --key: 3.1.1.2.2 => 0.347236463,0.455162134,0.499296203,0.925931439,0.925931737,0.925932121,0.925932323,0.925932637,0.988709965,1
47 [main] DEBUG org.renci.epi.population.insurance.InsuranceStatusTable  - --key: 3.2.1.2.2 => 0.323741127,0.742404601,0.785650187,0.909241433,0.909241601,0.909241784,0.909242298,0.909242466,0.965993924,1
47 [main] DEBUG org.renci.epi.population.insurance.InsuranceStatusTable  - --key: 3.3.1.2.2 => 0.089833137,0.839538753,0.886136424,0.922467148,0.922467191,0.922467251,0.922467458,0.922467555,0.946280226,1
47 [main] DEBUG org.renci.epi.population.insurance.InsuranceStatusTable  - --key: 3.1.2.2.2 => 0.330004916,0.400198911,0.443821603,0.95616967,0.956169776,0.956169973,0.956170089,0.956170503,0.991247404,1
47 [main] DEBUG org.renci.epi.population.insurance.InsuranceStatusTable  - --key: 3.2.2.2.2 => 0.371046362,0.69942545,0.750973887,0.929964935,0.929965007,0.92996512,0.929965479,0.929965745,0.968206867,1
47 [main] DEBUG org.renci.epi.population.insurance.InsuranceStatusTable  - --key: 3.3.2.2.2 => 0.118970389,0.798444939,0.862626451,0.923424501,0.923424523,0.923424566,0.923424733,0.92342491,0.941965935,1
47 [main] DEBUG org.renci.epi.population.insurance.InsuranceStatusTable  - --key: 3.1.3.2.2 => 0.214896235,0.24030189,0.257372689,0.950313938,0.950314007,0.950314169,0.950314212,0.950314549,0.995849049,1
47 [main] DEBUG org.renci.epi.population.insurance.InsuranceStatusTable  - --key: 3.2.3.2.2 => 0.351476376,0.524364634,0.55370844,0.905853978,0.905854046,0.905854182,0.905854372,0.905854688,0.978066716,1
47 [main] DEBUG org.renci.epi.population.insurance.InsuranceStatusTable  - --key: 3.3.3.2.2 => 0.160619877,0.670485402,0.72255729,0.893037109,0.893037138,0.893037211,0.893037337,0.893037638,0.942938161,1
47 [main] DEBUG org.renci.epi.population.insurance.InsuranceStatusTable  - --key: 3.1.1.3.2 => 0.38322482,0.58301113,0.657627206,0.788494337,0.824672841,0.860297615,0.86249796,0.896890318,0.980267584,1
47 [main] DEBUG org.renci.epi.population.insurance.InsuranceStatusTable  - --key: 3.2.1.3.2 => 0.248219796,0.786633711,0.837427483,0.863764817,0.87790341,0.889691369,0.893589707,0.906345436,0.958709348,1
47 [main] DEBUG org.renci.epi.population.insurance.InsuranceStatusTable  - --key: 3.3.1.3.2 => 0.057438285,0.861461013,0.907102445,0.913558756,0.916609646,0.919828344,0.921137377,0.927282701,0.945605404,1
47 [main] DEBUG org.renci.epi.population.insurance.InsuranceStatusTable  - --key: 3.1.2.3.2 => 0.42123364,0.571518511,0.656817766,0.838584035,0.85342393,0.874522354,0.875994881,0.92842563,0.982307216,1
47 [main] DEBUG org.renci.epi.population.insurance.InsuranceStatusTable  - --key: 3.2.2.3.2 => 0.310681631,0.771867036,0.837987066,0.87964179,0.886245625,0.894195242,0.897165961,0.919309099,0.957842252,1
47 [main] DEBUG org.renci.epi.population.insurance.InsuranceStatusTable  - --key: 3.3.2.3.2 => 0.078614024,0.831704233,0.896672492,0.907838459,0.909396704,0.911770303,0.91286112,0.924526478,0.939270345,1
47 [main] DEBUG org.renci.epi.population.insurance.InsuranceStatusTable  - --key: 3.1.3.3.2 => 0.362539676,0.434429894,0.478547375,0.803461583,0.816353338,0.839294082,0.84000319,0.896464929,0.988910013,1
47 [main] DEBUG org.renci.epi.population.insurance.InsuranceStatusTable  - --key: 3.2.3.3.2 => 0.366865641,0.669549359,0.716469302,0.818628775,0.826499891,0.838359291,0.840322063,0.873038525,0.963744722,1
47 [main] DEBUG org.renci.epi.population.insurance.InsuranceStatusTable  - --key: 3.3.3.3.2 => 0.12042292,0.761600269,0.821406072,0.856930606,0.859339921,0.863933398,0.864868325,0.887226837,0.93224953,1
47 [main] DEBUG org.renci.epi.population.insurance.InsuranceStatusTable  - --key: 4.1.1.1.1 => 0.452873663,0.612051789,0.694556972,0.790776353,0.84011047,0.907025768,0.937337708,0.948610545,0.976828799,1
47 [main] DEBUG org.renci.epi.population.insurance.InsuranceStatusTable  - --key: 4.2.1.1.1 => 0.269417611,0.7535033,0.829919992,0.85963545,0.878336076,0.90016183,0.921319933,0.934071793,0.955637294,1
47 [main] DEBUG org.renci.epi.population.insurance.InsuranceStatusTable  - --key: 4.3.1.1.1 => 0.06676594,0.844693102,0.902579199,0.907406526,0.912145076,0.917541622,0.925914501,0.929355657,0.943745213,1
47 [main] DEBUG org.renci.epi.population.insurance.InsuranceStatusTable  - --key: 4.1.2.1.1 => 0.480487257,0.598211942,0.670986547,0.833379189,0.858133148,0.934067377,0.952359191,0.968140107,0.984199767,1
47 [main] DEBUG org.renci.epi.population.insurance.InsuranceStatusTable  - --key: 4.2.2.1.1 => 0.329043874,0.741169304,0.818760041,0.876491063,0.887292374,0.915802849,0.930500326,0.951049554,0.965177818,1
47 [main] DEBUG org.renci.epi.population.insurance.InsuranceStatusTable  - --key: 4.3.2.1.1 => 0.091959981,0.838859495,0.905143995,0.915720681,0.918807292,0.926757291,0.933316583,0.93957036,0.950201815,1
47 [main] DEBUG org.renci.epi.population.insurance.InsuranceStatusTable  - --key: 4.1.3.1.1 => 0.593878299,0.631792059,0.658335818,0.893843306,0.923025816,0.966456366,0.966456737,0.976892409,0.988707677,1
47 [main] DEBUG org.renci.epi.population.insurance.InsuranceStatusTable  - --key: 4.2.3.1.1 => 0.557608132,0.739585948,0.778387772,0.893178637,0.910637427,0.932994857,0.932995267,0.951626577,0.965877919,1
47 [main] DEBUG org.renci.epi.population.insurance.InsuranceStatusTable  - --key: 4.3.3.1.1 => 0.252889171,0.788078304,0.841869392,0.875996833,0.884092929,0.89420967,0.894209966,0.903411207,0.92081387,1
47 [main] DEBUG org.renci.epi.population.insurance.InsuranceStatusTable  - --key: 4.1.1.2.1 => 0.435816434,0.656319872,0.675332599,0.796096378,0.79611511,0.796133703,0.843491804,0.862541662,0.977616989,1
47 [main] DEBUG org.renci.epi.population.insurance.InsuranceStatusTable  - --key: 4.2.1.2.1 => 0.221564589,0.794627172,0.809675881,0.841547521,0.841553588,0.841558771,0.869807903,0.888223248,0.963378525,1
47 [main] DEBUG org.renci.epi.population.insurance.InsuranceStatusTable  - --key: 4.3.1.2.1 => 0.049683728,0.882987946,0.893302967,0.897988009,0.8979894,0.897990559,0.908106075,0.912602792,0.957979412,1
47 [main] DEBUG org.renci.epi.population.insurance.InsuranceStatusTable  - --key: 4.1.2.2.1 => 0.470823063,0.636876868,0.653953112,0.861487372,0.861496942,0.861518426,0.890618,0.917772389,0.984458864,1
47 [main] DEBUG org.renci.epi.population.insurance.InsuranceStatusTable  - --key: 4.2.2.2.1 => 0.281006572,0.787644289,0.803511814,0.867813078,0.867816718,0.867823748,0.88820165,0.919018635,0.97014878,1
47 [main] DEBUG org.renci.epi.population.insurance.InsuranceStatusTable  - --key: 4.3.2.2.1 => 0.070014227,0.888582759,0.900667464,0.911169768,0.911170695,0.911172443,0.919280156,0.927641225,0.961942139,1
47 [main] DEBUG org.renci.epi.population.insurance.InsuranceStatusTable  - --key: 4.1.3.2.1 => 0.570096145,0.622486695,0.628588378,0.923439624,0.923450677,0.923462715,0.923463294,0.9410548,0.989118785,1
47 [main] DEBUG org.renci.epi.population.insurance.InsuranceStatusTable  - --key: 4.2.3.2.1 => 0.504194164,0.741054642,0.749456155,0.884826533,0.884832761,0.884838598,0.884839199,0.914422328,0.96902954,1
47 [main] DEBUG org.renci.epi.population.insurance.InsuranceStatusTable  - --key: 4.3.3.2.1 => 0.202299971,0.818580308,0.828884467,0.864489953,0.864492508,0.864494845,0.86449523,0.877420628,0.936414493,1
47 [main] DEBUG org.renci.epi.population.insurance.InsuranceStatusTable  - --key: 4.1.1.3.1 => 0.419705684,0.528543987,0.581625213,0.672769308,0.713131535,0.816180026,0.844936773,0.865653689,0.962235605,1
47 [main] DEBUG org.renci.epi.population.insurance.InsuranceStatusTable  - --key: 4.2.1.3.1 => 0.278503985,0.64770107,0.702539574,0.733936422,0.751002022,0.788492685,0.810881978,0.837021826,0.919352732,1
47 [main] DEBUG org.renci.epi.population.insurance.InsuranceStatusTable  - --key: 4.3.1.3.1 => 0.077057156,0.73946815,0.785847452,0.791542047,0.796370005,0.806719575,0.816611733,0.824487383,0.885821668,1
47 [main] DEBUG org.renci.epi.population.insurance.InsuranceStatusTable  - --key: 4.1.2.3.1 => 0.449476068,0.530725965,0.577986266,0.733256868,0.753699148,0.871734126,0.889250318,0.918524247,0.974007121,1
47 [main] DEBUG org.renci.epi.population.insurance.InsuranceStatusTable  - --key: 4.2.2.3.1 => 0.338488489,0.651276496,0.706686975,0.767388211,0.777197251,0.825932476,0.84140963,0.883328514,0.937004101,1
47 [main] DEBUG org.renci.epi.population.insurance.InsuranceStatusTable  - --key: 4.3.2.3.1 => 0.106715807,0.746189446,0.799588529,0.81213373,0.815295802,0.830625917,0.838417847,0.852809027,0.898372885,1
47 [main] DEBUG org.renci.epi.population.insurance.InsuranceStatusTable  - --key: 4.1.3.3.1 => 0.558622983,0.584934676,0.602267754,0.82869269,0.85292551,0.920809147,0.920809505,0.940275017,0.981320259,1
47 [main] DEBUG org.renci.epi.population.insurance.InsuranceStatusTable  - --key: 4.2.3.3.1 => 0.537047811,0.666358042,0.692301504,0.805304346,0.820148587,0.855929727,0.85593013,0.891513852,0.942205626,1
47 [main] DEBUG org.renci.epi.population.insurance.InsuranceStatusTable  - --key: 4.3.3.3.1 => 0.261871221,0.670750794,0.709419515,0.745540489,0.752941536,0.770349444,0.770349759,0.789243937,0.855797476,1
47 [main] DEBUG org.renci.epi.population.insurance.InsuranceStatusTable  - --key: 4.1.1.1.2 => 0.409905773,0.583202347,0.693307297,0.833251438,0.868559836,0.930331043,0.951043421,0.965208278,0.982632104,1
47 [main] DEBUG org.renci.epi.population.insurance.InsuranceStatusTable  - --key: 4.2.1.1.2 => 0.237524001,0.750861966,0.850193787,0.892290594,0.905327104,0.924951869,0.939033972,0.954641245,0.96761147,1
47 [main] DEBUG org.renci.epi.population.insurance.InsuranceStatusTable  - --key: 4.3.1.1.2 => 0.056951688,0.85511211,0.927914317,0.934531048,0.937727152,0.942421996,0.94781382,0.951888823,0.960262293,1
47 [main] DEBUG org.renci.epi.population.insurance.InsuranceStatusTable  - --key: 4.1.2.1.2 => 0.418867533,0.542309258,0.635848388,0.863330035,0.88039334,0.94790614,0.959944321,0.97904281,0.988593563,1
47 [main] DEBUG org.renci.epi.population.insurance.InsuranceStatusTable  - --key: 4.2.2.1.2 => 0.286713473,0.718653374,0.818336768,0.899169774,0.906611855,0.931948695,0.941616911,0.966474659,0.974872924,1
47 [main] DEBUG org.renci.epi.population.insurance.InsuranceStatusTable  - --key: 4.3.2.1.2 => 0.078081494,0.840882118,0.923863349,0.938293936,0.940366247,0.947250709,0.95145522,0.958826851,0.964984975,1
47 [main] DEBUG org.renci.epi.population.insurance.InsuranceStatusTable  - --key: 4.1.3.1.2 => 0.513592988,0.553031281,0.586876918,0.914150947,0.934106692,0.972413032,0.972413275,0.984942205,0.991912829,1
47 [main] DEBUG org.renci.epi.population.insurance.InsuranceStatusTable  - --key: 4.2.3.1.2 => 0.498482256,0.694158757,0.745302369,0.910199509,0.922540739,0.942925057,0.942925334,0.966047898,0.974739159,1
47 [main] DEBUG org.renci.epi.population.insurance.InsuranceStatusTable  - --key: 4.3.3.1.2 => 0.222278334,0.788092486,0.857802613,0.906003588,0.911630449,0.920699487,0.920699684,0.93192724,0.942362159,1
47 [main] DEBUG org.renci.epi.population.insurance.InsuranceStatusTable  - --key: 4.1.1.2.2 => 0.40263918,0.647673781,0.673572333,0.852853354,0.852867038,0.852884557,0.88591512,0.910348084,0.982875313,1
47 [main] DEBUG org.renci.epi.population.insurance.InsuranceStatusTable  - --key: 4.2.1.2.2 => 0.199113532,0.818557599,0.838497285,0.884521885,0.884526197,0.884530947,0.90369621,0.926671039,0.972746145,1
47 [main] DEBUG org.renci.epi.population.insurance.InsuranceStatusTable  - --key: 4.3.1.2.2 => 0.043039756,0.911317819,0.92449263,0.931014232,0.931015185,0.93101621,0.937631561,0.943039392,0.969855406,1
47 [main] DEBUG org.renci.epi.population.insurance.InsuranceStatusTable  - --key: 4.1.2.2.2 => 0.410383836,0.584476699,0.606422099,0.897096985,0.897103581,0.897122679,0.916270899,0.949129158,0.988782219,1
47 [main] DEBUG org.renci.epi.population.insurance.InsuranceStatusTable  - --key: 4.2.2.2.2 => 0.247605527,0.784564365,0.805178812,0.896222231,0.896224767,0.896231085,0.909786492,0.947483424,0.978218007,1
47 [main] DEBUG org.renci.epi.population.insurance.InsuranceStatusTable  - --key: 4.3.2.2.2 => 0.060256154,0.907619689,0.922954196,0.937478151,0.937478782,0.937480316,0.942748037,0.952737655,0.97287616,1
47 [main] DEBUG org.renci.epi.population.insurance.InsuranceStatusTable  - --key: 4.1.3.2.2 => 0.482256035,0.535562776,0.543173009,0.943963792,0.943971185,0.94398157,0.94398194,0.964640715,0.992377479,1
47 [main] DEBUG org.renci.epi.population.insurance.InsuranceStatusTable  - --key: 4.2.3.2.2 => 0.448976199,0.702674599,0.713705263,0.907407366,0.907411751,0.907417053,0.907417457,0.943988857,0.977161643,1
47 [main] DEBUG org.renci.epi.population.insurance.InsuranceStatusTable  - --key: 4.3.3.2.2 => 0.179530319,0.83736977,0.850852355,0.901626671,0.901628465,0.90163058,0.901630837,0.917555048,0.953270428,1
47 [main] DEBUG org.renci.epi.population.insurance.InsuranceStatusTable  - --key: 4.1.1.3.2 => 0.395954637,0.519458905,0.593293546,0.731463722,0.761572933,0.860723665,0.881204591,0.908337583,0.970496414,1
47 [main] DEBUG org.renci.epi.population.insurance.InsuranceStatusTable  - --key: 4.2.1.3.2 => 0.257454726,0.667968126,0.742711672,0.789349756,0.801824013,0.837170502,0.852795469,0.886341759,0.938262249,1
47 [main] DEBUG org.renci.epi.population.insurance.InsuranceStatusTable  - --key: 4.3.1.3.2 => 0.068769203,0.779832345,0.840859604,0.849025975,0.852432944,0.861853076,0.868517787,0.878275307,0.915616721,1
47 [main] DEBUG org.renci.epi.population.insurance.InsuranceStatusTable  - --key: 4.1.2.3.2 => 0.402693637,0.490250589,0.55267915,0.776212651,0.790694406,0.898547505,0.910394743,0.946804786,0.980715239,1
47 [main] DEBUG org.renci.epi.population.insurance.InsuranceStatusTable  - --key: 4.2.2.3.2 => 0.304923252,0.643842593,0.717439097,0.805306818,0.812293916,0.857069713,0.867595316,0.920019097,0.953005114,1
47 [main] DEBUG org.renci.epi.population.insurance.InsuranceStatusTable  - --key: 4.3.2.3.2 => 0.09410436,0.772375375,0.84180318,0.859579581,0.861784417,0.875571745,0.880758973,0.898376679,0.925786609,1
47 [main] DEBUG org.renci.epi.population.insurance.InsuranceStatusTable  - --key: 4.1.3.3.2 => 0.49064208,0.518438855,0.540884925,0.860447152,0.877276746,0.938085317,0.938085554,0.961820259,0.986413471,1
47 [main] DEBUG org.renci.epi.population.insurance.InsuranceStatusTable  - --key: 4.2.3.3.2 => 0.491581049,0.633949805,0.668962759,0.835172602,0.845916549,0.879319902,0.879320181,0.924537575,0.956191394,1
47 [main] DEBUG org.renci.epi.population.insurance.InsuranceStatusTable  - --key: 4.3.3.3.2 => 0.241714637,0.695666927,0.74829211,0.80186682,0.807268539,0.823656144,0.823656363,0.847867499,0.889775098,1
63 [main] DEBUG org.renci.epi.population.insurance.InsuranceStatusTable  - --key: 5.1.1.1.1 => 0.281959329,0.452768318,0.602344025,0.679839333,0.737201763,0.808782133,0.852303093,0.883667888,0.97276903,1
63 [main] DEBUG org.renci.epi.population.insurance.InsuranceStatusTable  - --key: 5.2.1.1.1 => 0.149427006,0.620966257,0.738573431,0.756638191,0.783747939,0.799745876,0.850095681,0.870001603,0.938462247,1
63 [main] DEBUG org.renci.epi.population.insurance.InsuranceStatusTable  - --key: 5.3.1.1.1 => 0.043123404,0.74622647,0.846420508,0.850841498,0.858216029,0.86336302,0.90098901,0.909916283,0.930948034,1
63 [main] DEBUG org.renci.epi.population.insurance.InsuranceStatusTable  - --key: 5.1.2.1.1 => 0.360051869,0.455319266,0.539584256,0.685284946,0.770907402,0.866520016,0.892512545,0.915812728,0.985575178,1
63 [main] DEBUG org.renci.epi.population.insurance.InsuranceStatusTable  - --key: 5.2.2.1.1 => 0.25546549,0.607573551,0.69627781,0.741749692,0.795926095,0.824535564,0.864795437,0.884593546,0.956357107,1
63 [main] DEBUG org.renci.epi.population.insurance.InsuranceStatusTable  - --key: 5.3.2.1.1 => 0.089977878,0.730739777,0.822969754,0.836551321,0.85453749,0.865771085,0.902489348,0.913325617,0.940232166,1
63 [main] DEBUG org.renci.epi.population.insurance.InsuranceStatusTable  - --key: 5.1.3.1.1 => 0.38312401,0.425590178,0.450626765,0.670262382,0.743593693,0.907427938,0.927154514,0.935321026,0.988712928,1
63 [main] DEBUG org.renci.epi.population.insurance.InsuranceStatusTable  - --key: 5.2.3.1.1 => 0.364546811,0.575031983,0.610376267,0.702300678,0.764524788,0.830267261,0.87124258,0.880548252,0.95420362,1
94 [main] DEBUG org.renci.epi.population.insurance.InsuranceStatusTable  - --key: 5.3.3.1.1 => 0.170083302,0.677479359,0.726159484,0.762529433,0.789894219,0.824089006,0.873592622,0.880339591,0.916921242,1
94 [main] DEBUG org.renci.epi.population.insurance.InsuranceStatusTable  - --key: 5.1.1.2.1 => 0.297798028,0.490489766,0.511151025,0.607622258,0.696578978,0.813838285,0.834380294,0.834381721,0.958237826,1
94 [main] DEBUG org.renci.epi.population.insurance.InsuranceStatusTable  - --key: 5.2.1.2.1 => 0.1562492,0.682901007,0.698984593,0.721248838,0.76287152,0.788817539,0.812346113,0.81234701,0.906563839,1
94 [main] DEBUG org.renci.epi.population.insurance.InsuranceStatusTable  - --key: 5.3.1.2.1 => 0.04418354,0.813639016,0.827065111,0.83240404,0.843498285,0.851677637,0.86890602,0.868906415,0.897267426,1
94 [main] DEBUG org.renci.epi.population.insurance.InsuranceStatusTable  - --key: 5.1.2.2.1 => 0.345222466,0.442787747,0.453354499,0.618012434,0.738554196,0.88074359,0.89188119,0.891882153,0.979916977,1
94 [main] DEBUG org.renci.epi.population.insurance.InsuranceStatusTable  - --key: 5.2.2.2.1 => 0.256365319,0.633781073,0.645423187,0.699207675,0.779035275,0.823565496,0.841620956,0.841621812,0.936404672,1
94 [main] DEBUG org.renci.epi.population.insurance.InsuranceStatusTable  - --key: 5.3.2.2.1 => 0.091357781,0.786259683,0.798507037,0.814760532,0.8415747,0.859265465,0.875926464,0.875926938,0.911882543,1
94 [main] DEBUG org.renci.epi.population.insurance.InsuranceStatusTable  - --key: 5.1.3.2.1 => 0.333763277,0.37327803,0.37613059,0.601652648,0.695453006,0.916824603,0.924504581,0.924504888,0.985722074,1
94 [main] DEBUG org.renci.epi.population.insurance.InsuranceStatusTable  - --key: 5.2.3.2.1 => 0.33835108,0.54701761,0.551307971,0.651869575,0.736668204,0.831308989,0.848304949,0.848305322,0.938279412,1
94 [main] DEBUG org.renci.epi.population.insurance.InsuranceStatusTable  - --key: 5.3.3.2.1 => 0.162697582,0.681119712,0.687209911,0.728216079,0.76665112,0.817384915,0.838547341,0.83854762,0.884603121,1
94 [main] DEBUG org.renci.epi.population.insurance.InsuranceStatusTable  - --key: 5.1.1.3.1 => 0.343320354,0.466340261,0.563153817,0.638188728,0.680752464,0.755981882,0.800168755,0.847740369,0.959989241,1
94 [main] DEBUG org.renci.epi.population.insurance.InsuranceStatusTable  - --key: 5.2.1.3.1 => 0.199923826,0.573092259,0.656735587,0.675955106,0.698058556,0.716533372,0.772704737,0.805879673,0.900647751,1
94 [main] DEBUG org.renci.epi.population.insurance.InsuranceStatusTable  - --key: 5.3.1.3.1 => 0.064143304,0.682741826,0.761963169,0.767192339,0.773876883,0.780484919,0.827151712,0.843692243,0.876059013,1
94 [main] DEBUG org.renci.epi.population.insurance.InsuranceStatusTable  - --key: 5.1.2.3.1 => 0.422574865,0.48871034,0.541281528,0.677261543,0.738500162,0.835357931,0.860795105,0.894858683,0.97957088,1
94 [main] DEBUG org.renci.epi.population.insurance.InsuranceStatusTable  - --key: 5.2.2.3.1 => 0.323414616,0.58708112,0.646775563,0.69255234,0.734348529,0.765610609,0.808109885,0.839330644,0.933328297,1
94 [main] DEBUG org.renci.epi.population.insurance.InsuranceStatusTable  - --key: 5.3.2.3.1 => 0.129736159,0.676215262,0.746905496,0.762477699,0.778281555,0.792262121,0.836407895,0.855870341,0.896009561,1
94 [main] DEBUG org.renci.epi.population.insurance.InsuranceStatusTable  - --key: 5.1.3.3.1 => 0.436465902,0.465081683,0.480243391,0.679213851,0.730123431,0.891223718,0.90996263,0.921551469,0.984483532,1
94 [main] DEBUG org.renci.epi.population.insurance.InsuranceStatusTable  - --key: 5.2.3.3.1 => 0.42745792,0.573444577,0.595474921,0.681187745,0.725650654,0.792188201,0.832251262,0.845843162,0.935200475,1
94 [main] DEBUG org.renci.epi.population.insurance.InsuranceStatusTable  - --key: 5.3.3.3.1 => 0.224095394,0.619525682,0.653620232,0.691725834,0.713697472,0.752585134,0.806971482,0.818044661,0.867912458,1
94 [main] DEBUG org.renci.epi.population.insurance.InsuranceStatusTable  - --key: 5.1.1.1.2 => 0.270796127,0.460564893,0.647129324,0.763214644,0.810599036,0.903704997,0.93372342,0.955044514,0.982750141,1
94 [main] DEBUG org.renci.epi.population.insurance.InsuranceStatusTable  - --key: 5.2.1.1.2 => 0.144540899,0.672180688,0.819923811,0.847178408,0.869733205,0.890691368,0.925669199,0.939297916,0.960738242,1
94 [main] DEBUG org.renci.epi.population.insurance.InsuranceStatusTable  - --key: 5.3.1.1.2 => 0.03947222,0.783956524,0.90306213,0.909373796,0.915179631,0.921560202,0.946294516,0.952078251,0.958311044,1
94 [main] DEBUG org.renci.epi.population.insurance.InsuranceStatusTable  - --key: 5.1.2.1.2 => 0.334204148,0.436497897,0.538077321,0.749015063,0.817372574,0.937568438,0.954895652,0.970203605,0.991168719,1
94 [main] DEBUG org.renci.epi.population.insurance.InsuranceStatusTable  - --key: 5.2.2.1.2 => 0.248217571,0.643979745,0.755912336,0.824823427,0.870098822,0.907746451,0.935839968,0.949455513,0.972030785,1
94 [main] DEBUG org.renci.epi.population.insurance.InsuranceStatusTable  - --key: 5.3.2.1.2 => 0.082926518,0.766070735,0.876463749,0.895987061,0.910244718,0.924266526,0.948570273,0.955639119,0.963667804,1
94 [main] DEBUG org.renci.epi.population.insurance.InsuranceStatusTable  - --key: 5.1.3.1.2 => 0.336968716,0.380175438,0.408773536,0.710073376,0.765547628,0.960703878,0.973164374,0.978248285,0.993452161,1
94 [main] DEBUG org.renci.epi.population.insurance.InsuranceStatusTable  - --key: 5.2.3.1.2 => 0.353950112,0.590361446,0.634929096,0.774137523,0.826101124,0.912550598,0.941122853,0.947517957,0.970671736,1
94 [main] DEBUG org.renci.epi.population.insurance.InsuranceStatusTable  - --key: 5.3.3.1.2 => 0.161399424,0.718386891,0.778380334,0.832210895,0.854545802,0.898492654,0.93222998,0.936761668,0.948000789,1
94 [main] DEBUG org.renci.epi.population.insurance.InsuranceStatusTable  - --key: 5.1.1.2.2 => 0.293187626,0.512642357,0.539059899,0.687198272,0.762525914,0.91887621,0.933400676,0.93340167,0.972881019,1
94 [main] DEBUG org.renci.epi.population.insurance.InsuranceStatusTable  - --key: 5.2.1.2.2 => 0.156083125,0.76466605,0.785531745,0.820220766,0.855982618,0.891084988,0.907964784,0.907965418,0.938437026,1
94 [main] DEBUG org.renci.epi.population.insurance.InsuranceStatusTable  - --key: 5.3.1.2.2 => 0.041293468,0.873176702,0.889472753,0.897255285,0.906173345,0.916526371,0.928090124,0.928090385,0.936672045,1
94 [main] DEBUG org.renci.epi.population.insurance.InsuranceStatusTable  - --key: 5.1.2.2.2 => 0.321248164,0.426273707,0.439043826,0.678028574,0.774507161,0.953706487,0.961149806,0.961150441,0.987673575,1
94 [main] DEBUG org.renci.epi.population.insurance.InsuranceStatusTable  - --key: 5.2.2.2.2 => 0.254700034,0.688458322,0.703479826,0.786823509,0.855037678,0.914954965,0.927837808,0.92783841,0.958326364,1
94 [main] DEBUG org.renci.epi.population.insurance.InsuranceStatusTable  - --key: 5.3.2.2.2 => 0.085763737,0.840403504,0.855335306,0.879133875,0.900784691,0.923276911,0.93450983,0.934510145,0.945438467,1
94 [main] DEBUG org.renci.epi.population.insurance.InsuranceStatusTable  - --key: 5.1.3.2.2 => 0.290185299,0.329927705,0.333148651,0.638972817,0.70911724,0.969784398,0.974579858,0.974580047,0.991812177,1
94 [main] DEBUG org.renci.epi.population.insurance.InsuranceStatusTable  - --key: 5.2.3.2.2 => 0.329997549,0.565423306,0.570857671,0.723832953,0.794968024,0.91997926,0.931884065,0.931884322,0.960295507,1
94 [main] DEBUG org.renci.epi.population.insurance.InsuranceStatusTable  - --key: 5.3.3.2.2 => 0.156099653,0.731489778,0.739078421,0.800442743,0.832160318,0.898084653,0.912666741,0.91266693,0.926973354,1
94 [main] DEBUG org.renci.epi.population.insurance.InsuranceStatusTable  - --key: 5.1.1.3.2 => 0.345035586,0.488055913,0.614416698,0.732034654,0.768826863,0.871222066,0.903114747,0.936954195,0.97347792,1
94 [main] DEBUG org.renci.epi.population.insurance.InsuranceStatusTable  - --key: 5.2.1.3.2 => 0.205201998,0.648279769,0.759775988,0.790544428,0.810057645,0.835739402,0.877145607,0.901246779,0.932739331,1
94 [main] DEBUG org.renci.epi.population.insurance.InsuranceStatusTable  - --key: 5.3.1.3.2 => 0.06150306,0.747642379,0.846292904,0.854113216,0.859625975,0.868207122,0.900342749,0.911568254,0.921616113,1
94 [main] DEBUG org.renci.epi.population.insurance.InsuranceStatusTable  - --key: 5.1.2.3.2 => 0.403769127,0.476869898,0.542106156,0.744757948,0.795085596,0.920426111,0.937881589,0.960918845,0.98712505,1
94 [main] DEBUG org.renci.epi.population.insurance.InsuranceStatusTable  - --key: 5.2.2.3.2 => 0.32911974,0.639509427,0.718402704,0.791061036,0.827644327,0.870730678,0.901791236,0.92427913,0.955249047,1
94 [main] DEBUG org.renci.epi.population.insurance.InsuranceStatusTable  - --key: 5.3.2.3.2 => 0.125036034,0.734300356,0.82278041,0.846188725,0.859289259,0.877537729,0.908093745,0.921370215,0.933895044,1
94 [main] DEBUG org.renci.epi.population.insurance.InsuranceStatusTable  - --key: 5.1.3.3.2 => 0.391857249,0.421576729,0.439254906,0.717874777,0.757187115,0.953072234,0.965154694,0.972518944,0.990811664,1
94 [main] DEBUG org.renci.epi.population.insurance.InsuranceStatusTable  - --key: 5.2.3.3.2 => 0.428720449,0.598096509,0.626792017,0.760874657,0.799230409,0.889611,0.918468479,0.928117251,0.957133393,1
94 [main] DEBUG org.renci.epi.population.insurance.InsuranceStatusTable  - --key: 5.3.3.3.2 => 0.222544021,0.676810784,0.720783144,0.779805663,0.798572765,0.850875259,0.889664057,0.897447404,0.913481036,1
94 [main] DEBUG org.renci.epi.population.insurance.InsuranceStatusTable  - --key: 6.1.1.1.1 => 0.005975623,0.017627387,0.248507033,0.425934761,1,1,1,1,1,1
94 [main] DEBUG org.renci.epi.population.insurance.InsuranceStatusTable  - --key: 6.2.1.1.1 => 0.001428426,0.01147879,0.183714384,0.259661917,1,1,1,1,1,1
94 [main] DEBUG org.renci.epi.population.insurance.InsuranceStatusTable  - --key: 6.3.1.1.1 => 0.001203119,0.028208341,0.16488558,0.217502896,1,1,1,1,1,1
94 [main] DEBUG org.renci.epi.population.insurance.InsuranceStatusTable  - --key: 6.1.2.1.1 => 0.04309234,0.055430544,0.343193808,0.653295103,1,1,1,1,1,1
94 [main] DEBUG org.renci.epi.population.insurance.InsuranceStatusTable  - --key: 6.2.2.1.1 => 0.012631733,0.02568233,0.288927799,0.451701432,1,1,1,1,1,1
94 [main] DEBUG org.renci.epi.population.insurance.InsuranceStatusTable  - --key: 6.3.2.1.1 => 0.011235974,0.048269365,0.268882477,0.387978208,1,1,1,1,1,1
94 [main] DEBUG org.renci.epi.population.insurance.InsuranceStatusTable  - --key: 6.1.3.1.1 => 0.104572179,0.122447219,0.45413032,0.814565291,1,1,1,1,1,1
94 [main] DEBUG org.renci.epi.population.insurance.InsuranceStatusTable  - --key: 6.2.3.1.1 => 0.036691589,0.059323068,0.422515166,0.648976934,1,1,1,1,1,1
94 [main] DEBUG org.renci.epi.population.insurance.InsuranceStatusTable  - --key: 6.3.3.1.1 => 0.034041709,0.101026018,0.418496859,0.591320864,1,1,1,1,1,1
94 [main] DEBUG org.renci.epi.population.insurance.InsuranceStatusTable  - --key: 6.1.1.2.1 => 1.02E-06,0.02029617,0.167994398,0.597465963,1,1,1,1,1,1
94 [main] DEBUG org.renci.epi.population.insurance.InsuranceStatusTable  - --key: 6.2.1.2.1 => 2.95E-07,0.0210752,0.153721734,0.375036278,1,1,1,1,1,1
94 [main] DEBUG org.renci.epi.population.insurance.InsuranceStatusTable  - --key: 6.3.1.2.1 => 2.55E-07,0.058034379,0.165909429,0.323045823,1,1,1,1,1,1
94 [main] DEBUG org.renci.epi.population.insurance.InsuranceStatusTable  - --key: 6.1.2.2.1 => 6.16E-06,0.017925477,0.171420375,0.79729228,1,1,1,1,1,1
94 [main] DEBUG org.renci.epi.population.insurance.InsuranceStatusTable  - --key: 6.2.2.2.1 => 2.23E-06,0.023446485,0.197128974,0.603481038,1,1,1,1,1,1
94 [main] DEBUG org.renci.epi.population.insurance.InsuranceStatusTable  - --key: 6.3.2.2.1 => 2.09E-06,0.069883646,0.222777339,0.53508147,1,1,1,1,1,1
94 [main] DEBUG org.renci.epi.population.insurance.InsuranceStatusTable  - --key: 6.1.3.2.1 => 1.44E-05,0.025006045,0.195323981,0.895629014,1,1,1,1,1,1
94 [main] DEBUG org.renci.epi.population.insurance.InsuranceStatusTable  - --key: 6.2.3.2.1 => 5.90E-06,0.036982747,0.254925505,0.769116218,1,1,1,1,1,1
94 [main] DEBUG org.renci.epi.population.insurance.InsuranceStatusTable  - --key: 6.3.3.2.1 => 5.70E-06,0.113871014,0.312074534,0.720332689,1,1,1,1,1,1
94 [main] DEBUG org.renci.epi.population.insurance.InsuranceStatusTable  - --key: 6.1.1.3.1 => 0.036094985,0.07478795,0.289060768,0.545288125,1,1,1,1,1,1
94 [main] DEBUG org.renci.epi.population.insurance.InsuranceStatusTable  - --key: 6.2.1.3.1 => 0.009608879,0.046777242,0.224791849,0.34693496,1,1,1,1,1,1
94 [main] DEBUG org.renci.epi.population.insurance.InsuranceStatusTable  - --key: 6.3.1.3.1 => 0.007902772,0.105423162,0.243361488,0.325991917,1,1,1,1,1,1
94 [main] DEBUG org.renci.epi.population.insurance.InsuranceStatusTable  - --key: 6.1.2.3.1 => 0.201656614,0.233399107,0.440301501,0.787243051,1,1,1,1,1,1
94 [main] DEBUG org.renci.epi.population.insurance.InsuranceStatusTable  - --key: 6.2.2.3.1 => 0.073840261,0.115781122,0.352214592,0.579700595,1,1,1,1,1,1
94 [main] DEBUG org.renci.epi.population.insurance.InsuranceStatusTable  - --key: 6.3.2.3.1 => 0.064492644,0.181353644,0.375911391,0.539342967,1,1,1,1,1,1
94 [main] DEBUG org.renci.epi.population.insurance.InsuranceStatusTable  - --key: 6.1.3.3.1 => 0.379091553,0.41471629,0.599459744,0.911848368,1,1,1,1,1,1
94 [main] DEBUG org.renci.epi.population.insurance.InsuranceStatusTable  - --key: 6.2.3.3.1 => 0.178888335,0.239548714,0.511611826,0.775579493,1,1,1,1,1,1
94 [main] DEBUG org.renci.epi.population.insurance.InsuranceStatusTable  - --key: 6.3.3.3.1 => 0.158662096,0.330299365,0.557643335,0.750221141,1,1,1,1,1,1
94 [main] DEBUG org.renci.epi.population.insurance.InsuranceStatusTable  - --key: 6.1.1.1.2 => 0.003441313,0.011814445,0.246099094,0.454324064,1,1,1,1,1,1
94 [main] DEBUG org.renci.epi.population.insurance.InsuranceStatusTable  - --key: 6.2.1.1.2 => 0.000843126,0.008245518,0.187378286,0.278730469,1,1,1,1,1,1
94 [main] DEBUG org.renci.epi.population.insurance.InsuranceStatusTable  - --key: 6.3.1.1.2 => 0.000718485,0.020842408,0.164663617,0.228697311,1,1,1,1,1,1
94 [main] DEBUG org.renci.epi.population.insurance.InsuranceStatusTable  - --key: 6.1.2.1.2 => 0.024349577,0.033049165,0.319561918,0.676641747,1,1,1,1,1,1
94 [main] DEBUG org.renci.epi.population.insurance.InsuranceStatusTable  - --key: 6.2.2.1.2 => 0.00730379,0.01671989,0.284922797,0.476718893,1,1,1,1,1,1
94 [main] DEBUG org.renci.epi.population.insurance.InsuranceStatusTable  - --key: 6.3.2.1.2 => 0.006613062,0.033811297,0.262603087,0.405445914,1,1,1,1,1,1
94 [main] DEBUG org.renci.epi.population.insurance.InsuranceStatusTable  - --key: 6.1.3.1.2 => 0.059690741,0.072422642,0.406026779,0.825291322,1,1,1,1,1,1
94 [main] DEBUG org.renci.epi.population.insurance.InsuranceStatusTable  - --key: 6.2.3.1.2 => 0.021017393,0.037193747,0.403771395,0.668120359,1,1,1,1,1,1
94 [main] DEBUG org.renci.epi.population.insurance.InsuranceStatusTable  - --key: 6.3.3.1.2 => 0.019980291,0.069039319,0.397370078,0.604081714,1,1,1,1,1,1
94 [main] DEBUG org.renci.epi.population.insurance.InsuranceStatusTable  - --key: 6.1.1.2.2 => 5.62E-07,0.01387584,0.156465068,0.635976512,1,1,1,1,1,1
94 [main] DEBUG org.renci.epi.population.insurance.InsuranceStatusTable  - --key: 6.2.1.2.2 => 1.69E-07,0.015091573,0.149220288,0.408034993,1,1,1,1,1,1
94 [main] DEBUG org.renci.epi.population.insurance.InsuranceStatusTable  - --key: 6.3.1.2.2 => 1.50E-07,0.042596371,0.154403765,0.34275975,1,1,1,1,1,1
94 [main] DEBUG org.renci.epi.population.insurance.InsuranceStatusTable  - --key: 6.1.2.2.2 => 3.24E-06,0.011754221,0.153891696,0.824167032,1,1,1,1,1,1
94 [main] DEBUG org.renci.epi.population.insurance.InsuranceStatusTable  - --key: 6.2.2.2.2 => 1.23E-06,0.016094066,0.184444464,0.639971035,1,1,1,1,1,1
94 [main] DEBUG org.renci.epi.population.insurance.InsuranceStatusTable  - --key: 6.3.2.2.2 => 1.19E-06,0.049535196,0.202570753,0.56409184,1,1,1,1,1,1
94 [main] DEBUG org.renci.epi.population.insurance.InsuranceStatusTable  - --key: 6.1.3.2.2 => 7.46E-06,0.016159887,0.171600755,0.910772241,1,1,1,1,1,1
94 [main] DEBUG org.renci.epi.population.insurance.InsuranceStatusTable  - --key: 6.2.3.2.2 => 3.18E-06,0.024822076,0.231387209,0.795014393,1,1,1,1,1,1
94 [main] DEBUG org.renci.epi.population.insurance.InsuranceStatusTable  - --key: 6.3.3.2.2 => 3.19E-06,0.079606462,0.275271252,0.741382213,1,1,1,1,1,1
94 [main] DEBUG org.renci.epi.population.insurance.InsuranceStatusTable  - --key: 6.1.1.3.2 => 0.020808607,0.048643114,0.266304047,0.567321746,1,1,1,1,1,1
94 [main] DEBUG org.renci.epi.population.insurance.InsuranceStatusTable  - --key: 6.2.1.3.2 => 0.005663966,0.033002593,0.217895724,0.364615024,1,1,1,1,1,1
94 [main] DEBUG org.renci.epi.population.insurance.InsuranceStatusTable  - --key: 6.3.1.3.2 => 0.004779342,0.078372847,0.225363891,0.327199359,1,1,1,1,1,1
94 [main] DEBUG org.renci.epi.population.insurance.InsuranceStatusTable  - --key: 6.1.2.3.2 => 0.121186524,0.144989886,0.364080938,0.788963173,1,1,1,1,1,1
94 [main] DEBUG org.renci.epi.population.insurance.InsuranceStatusTable  - --key: 6.2.2.3.2 => 0.043433049,0.074216678,0.319265892,0.591945191,1,1,1,1,1,1
94 [main] DEBUG org.renci.epi.population.insurance.InsuranceStatusTable  - --key: 6.3.2.3.2 => 0.039168894,0.127732672,0.335940438,0.538213245,1,1,1,1,1,1
94 [main] DEBUG org.renci.epi.population.insurance.InsuranceStatusTable  - --key: 6.1.3.3.2 => 0.247582905,0.276615349,0.489215161,0.904974636,1,1,1,1,1,1
94 [main] DEBUG org.renci.epi.population.insurance.InsuranceStatusTable  - --key: 6.2.3.3.2 => 0.108924508,0.155014233,0.446911829,0.774452113,1,1,1,1,1,1
94 [main] DEBUG org.renci.epi.population.insurance.InsuranceStatusTable  - --key: 6.3.3.3.2 => 0.100537015,0.2362495,0.490085673,0.738759133,1,1,1,1,1,1
110 [main] INFO org.renci.epi.population.insurance.InsuranceStatusTable  - -lookup(key): 1.1.1.1.1
110 [main] INFO org.renci.epi.population.insurance.InsuranceStatusTable  - -lookup(probabilities): 0.32772575,0.621774197,0.736554341,0.91523563,0.922586588,0.953199789,0.972101543,1.0,1.0,1.0
110 [main] INFO org.renci.epi.population.insurance.InsuranceStatusTable  - --lookup (random: 0.6007050523862797, value: 0.32772575, prev: 0.0)
110 [main] INFO org.renci.epi.population.insurance.InsuranceStatusTable  - --lookup (random: 0.6007050523862797, value: 0.621774197, prev: 0.32772575)
110 [main] INFO org.renci.epi.population.insurance.InsuranceStatusTableTest  -   category: CAT_TWO
110 [main] INFO org.renci.epi.population.insurance.InsuranceStatusTableTest  -   noins: false
110 [main] INFO org.renci.epi.population.insurance.InsuranceStatusTableTest  -   private: true
110 [main] INFO org.renci.epi.population.insurance.InsuranceStatusTable  - -lookup(key): 1.1.1.1.1
110 [main] INFO org.renci.epi.population.insurance.InsuranceStatusTable  - -lookup(probabilities): 0.32772575,0.621774197,0.736554341,0.91523563,0.922586588,0.953199789,0.972101543,1.0,1.0,1.0
110 [main] INFO org.renci.epi.population.insurance.InsuranceStatusTable  - --lookup (random: 0.32044625909289814, value: 0.32772575, prev: 0.0)
110 [main] INFO org.renci.epi.population.insurance.InsuranceStatusTableTest  -   category: CAT_ONE
110 [main] INFO org.renci.epi.population.insurance.InsuranceStatusTableTest  -   noins: true
110 [main] INFO org.renci.epi.population.insurance.InsuranceStatusTableTest  -   private: false
110 [main] INFO org.renci.epi.population.insurance.InsuranceStatusTable  - -lookup(key): 1.1.1.1.1
110 [main] INFO org.renci.epi.population.insurance.InsuranceStatusTable  - -lookup(probabilities): 0.32772575,0.621774197,0.736554341,0.91523563,0.922586588,0.953199789,0.972101543,1.0,1.0,1.0
110 [main] INFO org.renci.epi.population.insurance.InsuranceStatusTable  - --lookup (random: 0.9691901805899827, value: 0.32772575, prev: 0.0)
110 [main] INFO org.renci.epi.population.insurance.InsuranceStatusTable  - --lookup (random: 0.9691901805899827, value: 0.621774197, prev: 0.32772575)
110 [main] INFO org.renci.epi.population.insurance.InsuranceStatusTable  - --lookup (random: 0.9691901805899827, value: 0.736554341, prev: 0.621774197)
110 [main] INFO org.renci.epi.population.insurance.InsuranceStatusTable  - --lookup (random: 0.9691901805899827, value: 0.91523563, prev: 0.736554341)
110 [main] INFO org.renci.epi.population.insurance.InsuranceStatusTable  - --lookup (random: 0.9691901805899827, value: 0.922586588, prev: 0.91523563)
110 [main] INFO org.renci.epi.population.insurance.InsuranceStatusTable  - --lookup (random: 0.9691901805899827, value: 0.953199789, prev: 0.922586588)
110 [main] INFO org.renci.epi.population.insurance.InsuranceStatusTable  - --lookup (random: 0.9691901805899827, value: 0.972101543, prev: 0.953199789)
110 [main] INFO org.renci.epi.population.insurance.InsuranceStatusTableTest  -   category: CAT_SEVEN
110 [main] INFO org.renci.epi.population.insurance.InsuranceStatusTableTest  -   noins: false
110 [main] INFO org.renci.epi.population.insurance.InsuranceStatusTableTest  -   private: false
110 [main] INFO org.renci.epi.population.insurance.InsuranceStatusTable  - -lookup(key): 1.1.1.1.1
110 [main] INFO org.renci.epi.population.insurance.InsuranceStatusTable  - -lookup(probabilities): 0.32772575,0.621774197,0.736554341,0.91523563,0.922586588,0.953199789,0.972101543,1.0,1.0,1.0
110 [main] INFO org.renci.epi.population.insurance.InsuranceStatusTable  - --lookup (random: 0.5563107404694261, value: 0.32772575, prev: 0.0)
110 [main] INFO org.renci.epi.population.insurance.InsuranceStatusTable  - --lookup (random: 0.5563107404694261, value: 0.621774197, prev: 0.32772575)
110 [main] INFO org.renci.epi.population.insurance.InsuranceStatusTableTest  -   category: CAT_TWO
110 [main] INFO org.renci.epi.population.insurance.InsuranceStatusTableTest  -   noins: false
110 [main] INFO org.renci.epi.population.insurance.InsuranceStatusTableTest  -   private: true
110 [main] INFO org.renci.epi.population.insurance.InsuranceStatusTable  - -lookup(key): 1.1.1.1.1
110 [main] INFO org.renci.epi.population.insurance.InsuranceStatusTable  - -lookup(probabilities): 0.32772575,0.621774197,0.736554341,0.91523563,0.922586588,0.953199789,0.972101543,1.0,1.0,1.0
110 [main] INFO org.renci.epi.population.insurance.InsuranceStatusTable  - --lookup (random: 0.5793357427353399, value: 0.32772575, prev: 0.0)
110 [main] INFO org.renci.epi.population.insurance.InsuranceStatusTable  - --lookup (random: 0.5793357427353399, value: 0.621774197, prev: 0.32772575)
110 [main] INFO org.renci.epi.population.insurance.InsuranceStatusTableTest  -   category: CAT_TWO
110 [main] INFO org.renci.epi.population.insurance.InsuranceStatusTableTest  -   noins: false
110 [main] INFO org.renci.epi.population.insurance.InsuranceStatusTableTest  -   private: true
110 [main] INFO org.renci.epi.population.insurance.InsuranceStatusTable  - -lookup(key): 1.1.1.1.1
110 [main] INFO org.renci.epi.population.insurance.InsuranceStatusTable  - -lookup(probabilities): 0.32772575,0.621774197,0.736554341,0.91523563,0.922586588,0.953199789,0.972101543,1.0,1.0,1.0
110 [main] INFO org.renci.epi.population.insurance.InsuranceStatusTable  - --lookup (random: 0.33844615760918495, value: 0.32772575, prev: 0.0)
110 [main] INFO org.renci.epi.population.insurance.InsuranceStatusTable  - --lookup (random: 0.33844615760918495, value: 0.621774197, prev: 0.32772575)
110 [main] INFO org.renci.epi.population.insurance.InsuranceStatusTableTest  -   category: CAT_TWO
110 [main] INFO org.renci.epi.population.insurance.InsuranceStatusTableTest  -   noins: false
110 [main] INFO org.renci.epi.population.insurance.InsuranceStatusTableTest  -   private: true
110 [main] INFO org.renci.epi.population.insurance.InsuranceStatusTable  - -lookup(key): 1.1.1.1.1
110 [main] INFO org.renci.epi.population.insurance.InsuranceStatusTable  - -lookup(probabilities): 0.32772575,0.621774197,0.736554341,0.91523563,0.922586588,0.953199789,0.972101543,1.0,1.0,1.0
110 [main] INFO org.renci.epi.population.insurance.InsuranceStatusTable  - --lookup (random: 0.22749578541253168, value: 0.32772575, prev: 0.0)
110 [main] INFO org.renci.epi.population.insurance.InsuranceStatusTableTest  -   category: CAT_ONE
110 [main] INFO org.renci.epi.population.insurance.InsuranceStatusTableTest  -   noins: true
110 [main] INFO org.renci.epi.population.insurance.InsuranceStatusTableTest  -   private: false
Tests run: 1, Failures: 0, Errors: 0, Skipped: 0, Time elapsed: 0.219 sec
Running org.renci.epi.population.PopulationServiceTest
142 [main] DEBUG org.springframework.test.context.junit4.SpringJUnit4ClassRunner  - SpringJUnit4ClassRunner constructor called with [class org.renci.epi.population.PopulationServiceTest].
173 [main] DEBUG org.springframework.test.context.support.DelegatingSmartContextLoader  - Delegating to GenericXmlContextLoader to process context configuration [ContextConfigurationAttributes@6537cf78 declaringClass = 'org.renci.epi.population.PopulationServiceTest', locations = '{/spring/population-context.xml}', classes = '{}', inheritLocations = true, contextLoaderClass = 'org.springframework.test.context.ContextLoader'].
173 [main] DEBUG org.springframework.test.context.ContextLoaderUtils  - Could not find an 'annotation declaring class' for annotation type [interface org.springframework.test.context.ActiveProfiles] and class [class org.renci.epi.population.PopulationServiceTest]
173 [main] DEBUG org.springframework.test.annotation.ProfileValueUtils  - Retrieved @ProfileValueSourceConfiguration [null] for test class [org.renci.epi.population.PopulationServiceTest]
189 [main] DEBUG org.springframework.test.annotation.ProfileValueUtils  - Retrieved ProfileValueSource type [class org.springframework.test.annotation.SystemProfileValueSource] for class [org.renci.epi.population.PopulationServiceTest]
189 [main] DEBUG org.springframework.test.annotation.ProfileValueUtils  - Retrieved @ProfileValueSourceConfiguration [null] for test class [org.renci.epi.population.PopulationServiceTest]
189 [main] DEBUG org.springframework.test.annotation.ProfileValueUtils  - Retrieved ProfileValueSource type [class org.springframework.test.annotation.SystemProfileValueSource] for class [org.renci.epi.population.PopulationServiceTest]
189 [main] DEBUG org.springframework.test.annotation.ProfileValueUtils  - Retrieved @ProfileValueSourceConfiguration [null] for test class [org.renci.epi.population.PopulationServiceTest]
189 [main] DEBUG org.springframework.test.annotation.ProfileValueUtils  - Retrieved ProfileValueSource type [class org.springframework.test.annotation.SystemProfileValueSource] for class [org.renci.epi.population.PopulationServiceTest]
!!!!!_dataRoot 1: \dev-OR\var\crcsim
!!!!!_dataRoot 0: \dev-OR\var\crcsim
!!!!!_dataRoot 1: \dev-OR\var\crcsim
!!!!!_dataRoot 0: \dev-OR\var\crcsim
!!!!!_dataRoot 1: /dev/var/crcsim
!!!!!compileMultipleModelInputs: top
!!!!!_dataRoot 2: /dev/var/crcsim
!!!!!DataLocator.getSyntheticPopulationExports: directory = /dev/var/crcsim\generated\exports-Oregon
!!!!!_dataRoot 1: \dev-OR\var\crcsim
!!!!!_dataRoot 0: \dev-OR\var\crcsim
Tests run: 2, Failures: 0, Errors: 1, Skipped: 0, Time elapsed: 0.859 sec <<< FAILURE!

Results :

Tests in error: 
  testModelMultipleInputCompiler(org.renci.epi.population.PopulationServiceTest)

Tests run: 3, Failures: 0, Errors: 1, Skipped: 0

[INFO] ------------------------------------------------------------------------
[INFO] Reactor Summary:
[INFO] 
[INFO] epi-root .......................................... SUCCESS [2.280s]
[INFO] epi-common ........................................ SUCCESS [0.094s]
[INFO] epi-util .......................................... SUCCESS [5.609s]
[INFO] epi-geography ..................................... SUCCESS [2.081s]
[INFO] epi-population .................................... FAILURE [2.659s]
[INFO] epi-web ........................................... SKIPPED
[INFO] ------------------------------------------------------------------------
[INFO] BUILD FAILURE
[INFO] ------------------------------------------------------------------------
[INFO] Total time: 12.894s
[INFO] Finished at: Wed Jan 04 11:53:51 EST 2017
[INFO] Final Memory: 49M/2280M
[INFO] ------------------------------------------------------------------------
[ERROR] Failed to execute goal org.apache.maven.plugins:maven-surefire-plugin:2.12.2:test (default-test) on project population: There are test failures.
[ERROR] 
[ERROR] Please refer to G:\dev-OR\crcsim\common\population\target\surefire-reports for the individual test results.
[ERROR] -> [Help 1]
[ERROR] 
[ERROR] To see the full stack trace of the errors, re-run Maven with the -e switch.
[ERROR] Re-run Maven using the -X switch to enable full debug logging.
[ERROR] 
[ERROR] For more information about the errors and possible solutions, please read the following articles:
[ERROR] [Help 1] http://cwiki.apache.org/confluence/display/MAVEN/MojoFailureException
[ERROR] 
[ERROR] After correcting the problems, you can resume the build with the command
[ERROR]   mvn <goals> -rf :population
